[2016.10.26-14.59.17:278][  0]Log file open, 10/26/16 23:59:17
[2016.10.26-14.59.17:278][  0]LogInit:Display: Running engine for game: proj
[2016.10.26-14.59.17:278][  0]LogPlatformFile: Not using cached read wrapper
[2016.10.26-14.59.17:278][  0]LogInit:Display: RandInit(1512640242) SRandInit(1512640244).
[2016.10.26-14.59.17:278][  0]LogTaskGraph: Started task graph with 4 named threads and 7 total threads.
[2016.10.26-14.59.17:278][  0]LogStats: Stats thread started at 0.061562
[2016.10.26-14.59.17:278][  0]LogInit: Version: 4.10.4-2872498+++depot+UE4-Releases+4.10
[2016.10.26-14.59.17:278][  0]LogInit: API Version: 2758231
[2016.10.26-14.59.17:278][  0]LogInit: Compiled (64-bit): Feb 18 2016 15:47:04
[2016.10.26-14.59.17:278][  0]LogInit: Compiled with Visual C++: 19.00.23026.00
[2016.10.26-14.59.17:278][  0]LogInit: Build Configuration: Development
[2016.10.26-14.59.17:278][  0]LogInit: Branch Name: ++depot+UE4-Releases+4.10
[2016.10.26-14.59.17:278][  0]LogInit: Command line:  
[2016.10.26-14.59.17:278][  0]LogInit: Base directory: C:/Program Files (x86)/Epic Games/4.10/Engine/Binaries/Win64/
[2016.10.26-14.59.17:278][  0]LogInit: Rocket: 1
[2016.10.26-14.59.17:282][  0]LogInit: Using libcurl 7.41.0
[2016.10.26-14.59.17:282][  0]LogInit:  - built for x86_64-pc-win32
[2016.10.26-14.59.17:282][  0]LogInit:  - supports SSL with WinSSL
[2016.10.26-14.59.17:282][  0]LogInit:  - other features:
[2016.10.26-14.59.17:282][  0]LogInit:      CURL_VERSION_SSL
[2016.10.26-14.59.17:282][  0]LogInit:      CURL_VERSION_IPV6
[2016.10.26-14.59.17:282][  0]LogInit:      CURL_VERSION_ASYNCHDNS
[2016.10.26-14.59.17:282][  0]LogInit:      CURL_VERSION_LARGEFILE
[2016.10.26-14.59.17:282][  0]LogInit:      CURL_VERSION_IDN
[2016.10.26-14.59.17:282][  0]LogInit:  CurlRequestOptions (configurable via config and command line):
[2016.10.26-14.59.17:282][  0]LogInit:  - bVerifyPeer = true  - Libcurl will verify peer certificate
[2016.10.26-14.59.17:282][  0]LogInit:  - bUseHttpProxy = false  - Libcurl will NOT use HTTP proxy
[2016.10.26-14.59.17:282][  0]LogInit:  - bDontReuseConnections = false  - Libcurl will reuse connections
[2016.10.26-14.59.17:282][  0]LogInit:  - CertBundlePath = nullptr  - Libcurl will use whatever was configured at build time.
[2016.10.26-14.59.17:285][  0]LogInit: Presizing for 0 objects not considered by GC, pre-allocating 0 bytes.
[2016.10.26-14.59.17:290][  0]LogInit: Object subsystem initialized
[2016.10.26-14.59.17:291][  0]LogInit: Selected Device Profile: [Windows]
[2016.10.26-14.59.17:291][  0]LogInit: Applying CVar settings loaded from the selected device profile: [Windows]
[2016.10.26-14.59.17:297][  0]LogInit: Computer: MYUMOON-PC
[2016.10.26-14.59.17:297][  0]LogInit: User: myumoon
[2016.10.26-14.59.17:297][  0]LogInit: CPU Page size=4096, Cores=4
[2016.10.26-14.59.17:297][  0]LogInit: High frequency timer resolution =3.914066 MHz
[2016.10.26-14.59.17:297][  0]LogMemory: Memory total: Physical=15.9GB (16GB approx)
[2016.10.26-14.59.17:297][  0]LogMemory: Platform Memory Stats for Windows
[2016.10.26-14.59.17:297][  0]LogMemory: Process Physical Memory: 56.61 MB used, 56.61 MB peak
[2016.10.26-14.59.17:297][  0]LogMemory: Process Virtual Memory: 58.79 MB used, 58.79 MB peak
[2016.10.26-14.59.17:297][  0]LogMemory: Physical Memory: 5074.77 MB used, 16326.44 MB total
[2016.10.26-14.59.17:297][  0]LogMemory: Virtual Memory: 384.78 MB used, 134217728.00 MB total
[2016.10.26-14.59.17:595][  0]LogD3D11RHI: Found D3D11 adapter 0: NVIDIA GeForce GTX 980 Ti (Feature Level 11_0)
[2016.10.26-14.59.17:595][  0]LogD3D11RHI: Adapter has 6102MB of dedicated video memory, 0MB of dedicated system memory, and 8163MB of shared system memory, 2 output[s]
[2016.10.26-14.59.17:596][  0]LogD3D11RHI: Found D3D11 adapter 1: Microsoft Basic Render Driver (Feature Level 11_0)
[2016.10.26-14.59.17:596][  0]LogD3D11RHI: Adapter has 0MB of dedicated video memory, 0MB of dedicated system memory, and 8163MB of shared system memory, 0 output[s]
[2016.10.26-14.59.17:596][  0]LogD3D11RHI: Chosen D3D11 Adapter Id = 0
[2016.10.26-14.59.17:599][  0]LogD3D11RHI: !Direct3DDevice
[2016.10.26-14.59.17:600][  0]LogRHI: Texture pool is 1361 MB (70% of 1945 MB)
[2016.10.26-14.59.17:612][  0]LogD3D11RHI: Async texture creation enabled
[2016.10.26-14.59.17:620][  0]LogShaderCompilers: Guid format shader working directory is 15 characters bigger than the processId version (D:/prog/0_myprogram/nekoroom/proj/Intermediate/Shaders/WorkingDirectory/9020/).
[2016.10.26-14.59.17:620][  0]LogShaderCompilers: Cleaned the shader compiler working directory 'C:/Users/myumoon/AppData/Local/Temp/UnrealShaderWorkingDir/C2D775304DE1BD8929BE9FB3D62839D5/'.
[2016.10.26-14.59.17:620][  0]LogShaderCompilers:Display: Using Local Shader Compiler.
[2016.10.26-14.59.18:151][  0]LogTemp:Display: Loaded TP AllDesktopTargetPlatform
[2016.10.26-14.59.18:154][  0]LogTemp:Display: Loaded TP WindowsClientTargetPlatform
[2016.10.26-14.59.18:157][  0]LogTemp:Display: Loaded TP WindowsNoEditorTargetPlatform
[2016.10.26-14.59.18:160][  0]LogTemp:Display: Loaded TP WindowsServerTargetPlatform
[2016.10.26-14.59.18:162][  0]LogTemp:Display: Loaded TP WindowsTargetPlatform
[2016.10.26-14.59.18:164][  0]LogTemp:Display: Loaded TP AndroidTargetPlatform
[2016.10.26-14.59.18:166][  0]LogTemp:Display: Loaded TP Android_ASTCTargetPlatform
[2016.10.26-14.59.18:167][  0]LogTemp:Display: Loaded TP Android_ATCTargetPlatform
[2016.10.26-14.59.18:169][  0]LogTemp:Display: Loaded TP Android_DXTTargetPlatform
[2016.10.26-14.59.18:171][  0]LogTemp:Display: Loaded TP Android_ETC1TargetPlatform
[2016.10.26-14.59.18:173][  0]LogTemp:Display: Loaded TP Android_ETC2TargetPlatform
[2016.10.26-14.59.18:177][  0]LogTemp:Display: Loaded TP Android_MultiTargetPlatform
[2016.10.26-14.59.18:177][  0]LogTemp:Display: Loaded TP Android_PVRTCTargetPlatform
[2016.10.26-14.59.18:178][  0]LogTemp:Display: Loaded TP HTML5TargetPlatform
[2016.10.26-14.59.18:192][  0]LogTemp:Display: Loaded TP IOSTargetPlatform
[2016.10.26-14.59.18:194][  0]LogTemp:Display: Loaded TP LinuxNoEditorTargetPlatform
[2016.10.26-14.59.18:195][  0]LogTemp:Display: Loaded TP LinuxServerTargetPlatform
[2016.10.26-14.59.18:197][  0]LogTemp:Display: Loaded TP LinuxTargetPlatform
[2016.10.26-14.59.18:198][  0]LogTargetPlatformManager:Display: Building Assets For Windows
[2016.10.26-14.59.18:251][  0]LogDerivedDataCache:Display: Max Cache Size: 512 MB
[2016.10.26-14.59.18:289][  0]LogDerivedDataCache: Loaded boot cache 0.04s 41MB C:/Users/myumoon/AppData/Local/UnrealEngine/4.10/DerivedDataCache/Boot.ddc.
[2016.10.26-14.59.18:289][  0]LogDerivedDataCache:Display: Loaded Boot cache: C:/Users/myumoon/AppData/Local/UnrealEngine/4.10/DerivedDataCache/Boot.ddc
[2016.10.26-14.59.18:289][  0]LogDerivedDataCache: FDerivedDataBackendGraph:  Pak pak cache file D:/prog/0_myprogram/nekoroom/proj/DerivedDataCache/DDC.ddp not found, will not use a pak cache.
[2016.10.26-14.59.18:289][  0]LogDerivedDataCache: Unable to find inner node Pak for hierarchical cache Hierarchy.
[2016.10.26-14.59.18:289][  0]LogDerivedDataCache: FDerivedDataBackendGraph:  CompressedPak pak cache file D:/prog/0_myprogram/nekoroom/proj/DerivedDataCache/Compressed.ddp not found, will not use a pak cache.
[2016.10.26-14.59.18:289][  0]LogDerivedDataCache: Unable to find inner node CompressedPak for hierarchical cache Hierarchy.
[2016.10.26-14.59.18:328][  0]LogDerivedDataCache:Display: Pak cache opened for reading ../../../Engine/DerivedDataCache/Compressed.ddp.
[2016.10.26-14.59.18:339][  0]LogDerivedDataCache: Using Local data cache path C:/Users/myumoon/AppData/Local/UnrealEngine/Common/DerivedDataCache: Writable
[2016.10.26-14.59.18:452][  0]LogInit: Selected Device Profile: [Windows]
[2016.10.26-14.59.18:454][  0]LogContentStreaming: Texture pool size is 0.000000MB
[2016.10.26-14.59.18:524][  0]LogMeshUtilities: No automatic mesh reduction module available
[2016.10.26-14.59.18:524][  0]LogMeshUtilities: No automatic mesh merging module available
[2016.10.26-14.59.18:662][  0]LogInit: WinSock: version 1.1 (2.2), MaxSocks=32767, MaxUdp=65467
[2016.10.26-14.59.19:128][  0]UdpMessaging: Initializing bridge on interface 0.0.0.0:0 to multicast group 230.0.0.1:6666.
[2016.10.26-14.59.19:244][  0]LogAssetRegistry: FAssetRegistry took 0.0106 seconds to start up
[2016.10.26-14.59.19:355][  0]SourceControl: Info Source control is disabled
[2016.10.26-14.59.19:399][  0]SourceControl: Info Source control is disabled
[2016.10.26-14.59.19:405][  0]SourceControl: Info Source control is disabled
[2016.10.26-14.59.19:411][  0]SourceControl: Info Source control is disabled
[2016.10.26-14.59.19:536][  0]LogObj: 28633 objects as part of root set at end of initial load.
[2016.10.26-14.59.19:536][  0]LogUObjectAllocator: 6099744 out of 0 bytes used by permanent object pool.
[2016.10.26-14.59.19:576][  0]LogEngine: Initializing Engine...
[2016.10.26-14.59.19:578][  0]LogHMD: Can't find Oculus library dev build: is proper Runtime installed? Version: 0.8.0.0
[2016.10.26-14.59.19:578][  0]LogHMD: SteamVR failed to initialize.  Err: 110
[2016.10.26-14.59.19:658][  0]LogAIModule: Creating AISystem for world NewWorld
[2016.10.26-14.59.19:662][  0]LogInit: XAudio2 using 'スピーカー (Realtek High Definition Audio)' : 2 channels at 48 kHz using 32 bits per sample (channel mask 0x3)
[2016.10.26-14.59.19:671][  0]LogInit: FAudioDevice initialized.
[2016.10.26-14.59.19:686][  0]LogDerivedDataCache: Saved boot cache 0.02s 41MB C:/Users/myumoon/AppData/Local/UnrealEngine/4.10/DerivedDataCache/Boot.ddc.
[2016.10.26-14.59.19:689][  0]LogInit: Texture streaming: Enabled
[2016.10.26-14.59.19:692][  0]LogAnalytics: Creating configured Analytics provider AnalyticsET
[2016.10.26-14.59.19:692][  0]LogAnalytics: [UEEditor.Rocket.Release] APIServer = http://et2.epicgames.com/ET2/. AppVersion = 4.10.4-2872498+++depot+UE4-Releases+4.10
[2016.10.26-14.59.19:692][  0]LogAnalytics: [UEEditor.Rocket.Release] SetUserId 2033b801412bafb1e5c199a06174dacb|f32138237ccd42f08182127283bf0fc9|400f1917-6872-45c5-a40f-81aaa2916a5d
[2016.10.26-14.59.19:692][  0]LogAnalytics: [UEEditor.Rocket.Release] AnalyticsET::StartSession
[2016.10.26-14.59.19:698][  0]LogInit: Transaction tracking system initialized
[2016.10.26-14.59.19:712][  0]BlueprintLog: New page: Editor Load
[2016.10.26-14.59.19:831][  0]LocalizationService: Info Localization service is disabled
[2016.10.26-14.59.19:879][  0]LogConsoleResponse:Display: 
[2016.10.26-14.59.19:956][  0]LogCook:Display: Done creating registry. It took  0.00s.
[2016.10.26-14.59.19:987][  0]LogFileCache: Scanning file cache for directory 'D:/prog/0_myprogram/nekoroom/proj/Content/' took 0.01s
[2016.10.26-14.59.19:987][  0]SourceControl: Info Source control is disabled
[2016.10.26-14.59.20:051][  0]LogWindowsTextInputMethodSystem:Display: IME system now activated using TSF (Microsoft IME).
[2016.10.26-14.59.44:826][  0]LogWindowsTextInputMethodSystem:Display: IME system now activated using TSF (Microsoft IME).
[2016.10.26-14.59.44:833][  0]LogWindowsTextInputMethodSystem:Display: IME system now activated using TSF (Microsoft IME).
[2016.10.26-14.59.44:836][  0]Cmd: MAP LOAD FILE="D:/prog/0_myprogram/nekoroom/proj/Content/ThirdPersonBP/Maps/ThirdPersonExampleMap.umap" TEMPLATE=0 SHOWPROGRESS=1 FEATURELEVEL=3
[2016.10.26-14.59.44:836][  0]LightingResults: New page: Lighting Build
[2016.10.26-14.59.44:838][  0]MapCheck: New page: Map Check
[2016.10.26-14.59.44:838][  0]LightingResults: New page: Lighting Build
[2016.10.26-14.59.44:848][  0]LogParticles: Destroying 0 GPU particle simulations for FXSystem 0x000002B20A1AB6A0
[2016.10.26-14.59.45:129][  0]LogAIModule: Creating AISystem for world ThirdPersonExampleMap
[2016.10.26-14.59.45:135][  0]LogEditorServer: Finished looking for orphan Actors (0.000 secs)
[2016.10.26-14.59.45:136][  0]Cmd: MAP CHECKDEP NOCLEARLOG
[2016.10.26-14.59.45:170][  0]MapCheck: Info Map check complete: 0 Error(s), 0 Warning(s), took 34.391ms to complete.
[2016.10.26-14.59.45:170][  0]LogFileHelpers: Loading map 'ThirdPersonExampleMap' took 0.335
[2016.10.26-14.59.45:216][  0]LogCollectionManager: Loaded 0 collections in 0.000979 seconds
[2016.10.26-14.59.45:255][  0]LogFileCache: Scanning file cache for directory 'D:/prog/0_myprogram/nekoroom/proj/Saved/Collections/' took 0.01s
[2016.10.26-14.59.45:255][  0]LogFileCache: Scanning file cache for directory 'D:/prog/0_myprogram/nekoroom/proj/Content/Developers/myumoon/Collections/' took 0.01s
[2016.10.26-14.59.45:255][  0]LogFileCache: Scanning file cache for directory 'D:/prog/0_myprogram/nekoroom/proj/Content/Collections/' took 0.01s
[2016.10.26-14.59.45:255][  0]LogCollectionManager: Rebuilt the GUID cache for 0 collections in 0.000001 seconds
[2016.10.26-14.59.45:260][  0]LogContentBrowser: Native class hierarchy populated in 0.0047 seconds. Added 1895 classes and 343 folders.
[2016.10.26-14.59.45:266][  0]LogContentBrowser: Native class hierarchy updated for 'WidgetCarousel' in 0.0005 seconds. Added 0 classes and 0 folders.
[2016.10.26-14.59.45:311][  0]LogContentBrowser: Native class hierarchy updated for 'AddContentDialog' in 0.0002 seconds. Added 0 classes and 0 folders.
[2016.10.26-14.59.45:387][  0]LogCrashTracker: Crashtracker disabled due to settings.
[2016.10.26-14.59.45:391][  0]LogUObjectGlobals:Warning: Failed to find object 'Class None.'
[2016.10.26-14.59.45:413][  0]LogStats:Warning: MetaData mismatch. Did you assign a stat to two groups? New //STATGROUP_Threads//SplashScreenThread///Thread_46a0_0///####STATCAT_Advanced#### old //STATGROUP_Threads//SplashScreenThread///Thread_4ec4_0///####STATCAT_Advanced####
[2016.10.26-14.59.45:413][  0]LogLoad: Full Startup: 28.43 seconds (BP compile: 0.05 seconds)
[2016.10.26-14.59.45:428][  0]LogOcInput: Can't find Oculus library dev build: is proper Runtime installed? Version: 0.8.0.0
[2016.10.26-14.59.45:467][  0]LogContentStreaming: Texture pool size now 700 MB
[2016.10.26-14.59.45:593][  0]LogRenderer: Reallocating scene render targets to support 804x732 (Frame:2).
[2016.10.26-14.59.45:743][  3]LogAssetRegistry: Asset discovery search completed in 26.5092 seconds
[2016.10.26-14.59.45:743][  3]LogCollectionManager: Rebuilt the object cache for 0 collections in 0.000001 seconds (found 0 objects)
[2016.10.26-14.59.45:743][  3]LogCollectionManager: Fixed up redirectors for 0 collections in 0.000013 seconds (updated 0 objects)
[2016.10.26-14.59.47:850][244]LogBlueprintUserMessages: Early PlayInEditor Detection: Level '/Game/ThirdPersonBP/Maps/ThirdPersonExampleMap.ThirdPersonExampleMap:PersistentLevel' has LevelScriptBlueprint '/Game/ThirdPersonBP/Maps/ThirdPersonExampleMap.ThirdPersonExampleMap:PersistentLevel.ThirdPersonExampleMap' with GeneratedClass '/Game/ThirdPersonBP/Maps/ThirdPersonExampleMap.ThirdPersonExampleMap_C' with ClassGeneratedBy '/Game/ThirdPersonBP/Maps/ThirdPersonExampleMap.ThirdPersonExampleMap:PersistentLevel.ThirdPersonExampleMap'
[2016.10.26-14.59.47:850][244]LogPlayLevel: PlayLevel: No blueprints needed recompiling
[2016.10.26-14.59.47:850][244]PIE: New page: PIE session: ThirdPersonExampleMap (Oct 27, 2016, 8:59:47 AM)
[2016.10.26-14.59.47:850][244]LogPlayLevel: Creating play world package: /Game/ThirdPersonBP/Maps/UEDPIE_0_ThirdPersonExampleMap
[2016.10.26-14.59.47:868][244]LogPlayLevel: PIE: StaticDuplicateObject took: (0.018321s)
[2016.10.26-14.59.47:869][244]LogAIModule: Creating AISystem for world ThirdPersonExampleMap
[2016.10.26-14.59.47:869][244]LogPlayLevel: PIE: World Init took: (0.000676s)
[2016.10.26-14.59.47:869][244]LogPlayLevel: PIE: Created PIE world by copying editor world from /Game/ThirdPersonBP/Maps/ThirdPersonExampleMap.ThirdPersonExampleMap to /Game/ThirdPersonBP/Maps/UEDPIE_0_ThirdPersonExampleMap.ThirdPersonExampleMap (0.019176s)
[2016.10.26-14.59.47:887][244]LogInit: XAudio2 using 'スピーカー (Realtek High Definition Audio)' : 2 channels at 48 kHz using 32 bits per sample (channel mask 0x3)
[2016.10.26-14.59.47:894][244]LogInit: FAudioDevice initialized.
[2016.10.26-14.59.47:947][244]LogWorld: Game class is 'ThirdPersonGameMode_C'
[2016.10.26-14.59.47:954][244]LogWorld: Bringing World /Game/ThirdPersonBP/Maps/UEDPIE_0_ThirdPersonExampleMap.ThirdPersonExampleMap up for play (max tick rate 0) at 2016.10.26-23.59.47
[2016.10.26-14.59.47:955][244]LogActor:Warning: GameSession /Game/ThirdPersonBP/Maps/UEDPIE_0_ThirdPersonExampleMap.ThirdPersonExampleMap:PersistentLevel.GameSession_0 has natively added scene component(s), but none of them were set as the actor's RootComponent - picking one arbitrarily
[2016.10.26-14.59.47:955][244]LogActor:Warning: GameNetworkManager /Game/ThirdPersonBP/Maps/UEDPIE_0_ThirdPersonExampleMap.ThirdPersonExampleMap:PersistentLevel.GameNetworkManager_0 has natively added scene component(s), but none of them were set as the actor's RootComponent - picking one arbitrarily
[2016.10.26-14.59.47:955][244]LogWorld: Bringing up level for play took: 0.005592
[2016.10.26-14.59.47:961][244]PIE: Info Play in editor start time for /Game/ThirdPersonBP/Maps/UEDPIE_0_ThirdPersonExampleMap 0.862
[2016.10.26-14.59.47:961][244]LogBlueprintUserMessages: Late PlayInEditor Detection: Level '/Game/ThirdPersonBP/Maps/ThirdPersonExampleMap.ThirdPersonExampleMap:PersistentLevel' has LevelScriptBlueprint '/Game/ThirdPersonBP/Maps/ThirdPersonExampleMap.ThirdPersonExampleMap:PersistentLevel.ThirdPersonExampleMap' with GeneratedClass '/Game/ThirdPersonBP/Maps/ThirdPersonExampleMap.ThirdPersonExampleMap_C' with ClassGeneratedBy '/Game/ThirdPersonBP/Maps/ThirdPersonExampleMap.ThirdPersonExampleMap:PersistentLevel.ThirdPersonExampleMap'
[2016.10.26-14.59.50:289][519]LogBlueprintUserMessages: Early EndPlayMap Detection: Level '/Game/ThirdPersonBP/Maps/ThirdPersonExampleMap.ThirdPersonExampleMap:PersistentLevel' has LevelScriptBlueprint '/Game/ThirdPersonBP/Maps/ThirdPersonExampleMap.ThirdPersonExampleMap:PersistentLevel.ThirdPersonExampleMap' with GeneratedClass '/Game/ThirdPersonBP/Maps/ThirdPersonExampleMap.ThirdPersonExampleMap_C' with ClassGeneratedBy '/Game/ThirdPersonBP/Maps/ThirdPersonExampleMap.ThirdPersonExampleMap:PersistentLevel.ThirdPersonExampleMap'
[2016.10.26-14.59.50:320][519]LogBlueprintUserMessages: Late EndPlayMap Detection: Level '/Game/ThirdPersonBP/Maps/ThirdPersonExampleMap.ThirdPersonExampleMap:PersistentLevel' has LevelScriptBlueprint '/Game/ThirdPersonBP/Maps/ThirdPersonExampleMap.ThirdPersonExampleMap:PersistentLevel.ThirdPersonExampleMap' with GeneratedClass '/Game/ThirdPersonBP/Maps/ThirdPersonExampleMap.ThirdPersonExampleMap_C' with ClassGeneratedBy '/Game/ThirdPersonBP/Maps/ThirdPersonExampleMap.ThirdPersonExampleMap:PersistentLevel.ThirdPersonExampleMap'
[2016.10.26-14.59.50:329][519]LogParticles: Destroying 0 GPU particle simulations for FXSystem 0x000002B218313100
[2016.10.26-15.00.47:287][463]LogFactory: FactoryCreateBinary: StaticMesh with FbxFactory (0 0 D:\googledrive\GameProject\Design\Object\fbx\obj_cardboard.fbx)
[2016.10.26-15.00.47:376][463]LogFbx: ItemName: GlobalSettings, ItemCount : 1
[2016.10.26-15.00.47:376][463]LogFbx: ItemName: AnimationStack, ItemCount : 1
[2016.10.26-15.00.47:376][463]LogFbx: ItemName: AnimationLayer, ItemCount : 1
[2016.10.26-15.00.47:376][463]LogFbx: ItemName: NodeAttribute, ItemCount : 1
[2016.10.26-15.00.47:376][463]LogFbx: ItemName: Model, ItemCount : 2
[2016.10.26-15.00.47:376][463]LogFbx: ItemName: Geometry, ItemCount : 1
[2016.10.26-15.00.47:376][463]LogFbx: ItemName: Material, ItemCount : 1
[2016.10.26-15.00.47:376][463]LogFbx: ItemName: Texture, ItemCount : 1
[2016.10.26-15.00.47:376][463]LogFbx: ItemName: Video, ItemCount : 1
[2016.10.26-15.00.47:460][463]LogFbx: Loading FBX Scene from D:\googledrive\GameProject\Design\Object\fbx\obj_cardboard.fbx
[2016.10.26-15.00.47:533][463]LogFbx: FBX Scene Loaded Succesfully
[2016.10.26-15.03.30:194][463]LogFbx: Loading FBX Scene from D:\googledrive\GameProject\Design\Object\fbx\obj_cardboard.fbx
[2016.10.26-15.03.30:262][463]LogFbx: FBX Scene Loaded Succesfully
[2016.10.26-15.03.30:303][463]LogLinker:Warning: Can't find file '/Game/Room/obj_cardboard01_mat'
[2016.10.26-15.03.30:303][463]LogLinker:Warning: Can't find file '/Game/Room/obj_cardboard01_mat'
[2016.10.26-15.03.30:306][463]LogLinker:Warning: Can't find file '/Game/Room/obj_cardboard01_c01'
[2016.10.26-15.03.30:306][463]LogLinker:Warning: Can't find file '/Game/Room/obj_cardboard01_c01'
[2016.10.26-15.03.30:306][463]LogUObjectGlobals:Warning: Failed to find object 'Texture /Game/Room/obj_cardboard01_c01.obj_cardboard01_c01'
[2016.10.26-15.03.30:308][463]LogStreaming:Warning: Failed to read file 'E:/GameProject/MAYA/3D/Game/sourceimages/obj_cardboard01_c01.tga' error.
[2016.10.26-15.03.30:308][463]LogStreaming:Warning: Failed to read file 'D:\googledrive\GameProject\Design\Object\fbx/..\..\sourceimages\obj_cardboard01_c01.tga' error.
[2016.10.26-15.03.30:308][463]LogStreaming:Warning: Failed to read file 'D:\googledrive\GameProject\Design\Object\fbx/obj_cardboard01_c01.tga' error.
[2016.10.26-15.03.30:308][463]LogFbxMaterialImport:Warning: Unable to find TEXTure file obj_cardboard01_c01.tga. Tried:
 - E:/GameProject/MAYA/3D/Game/sourceimages/obj_cardboard01_c01.tga
 - D:\googledrive\GameProject\Design\Object\fbx/..\..\sourceimages\obj_cardboard01_c01.tga
 - D:\googledrive\GameProject\Design\Object\fbx/obj_cardboard01_c01.tga
[2016.10.26-15.03.30:311][463]LogMaterial: Missing cached shader map for material obj_cardboard01_mat, compiling. 
[2016.10.26-15.03.30:324][463]LogFbx:Warning: Triangulating static mesh obj_cardboard_mesh
[2016.10.26-15.03.30:334][463]LogStaticMesh: Building static mesh obj_cardboard...
[2016.10.26-15.03.30:337][463]LogStaticMesh: Built static mesh [0.003385.2s] /Game/Room/obj_cardboard.obj_cardboard
[2016.10.26-15.03.32:474][698]LogActorFactory: Actor Factory created obj_cardboard
[2016.10.26-15.03.33:331][801]LogActorFactory: Actor Factory created obj_cardboard
[2016.10.26-15.03.57:780][723]Cmd: OBJ SAVEPACKAGE PACKAGE="/Game/RoomObjects/obj_cardboard01_mat" FILE="D:/prog/0_myprogram/nekoroom/proj/Content/RoomObjects/obj_cardboard01_mat.uasset" SILENT=true
[2016.10.26-15.03.57:793][723]LogSavePackage: Save=10.678921ms
[2016.10.26-15.03.57:793][723]LogSavePackage: Moving 'D:/prog/0_myprogram/nekoroom/proj/Saved/obj_cardboard01_mat9DAC250948CEF6EF451B209B1F9976EA.tmp' to 'D:/prog/0_myprogram/nekoroom/proj/Content/RoomObjects/obj_cardboard01_mat.uasset'
[2016.10.26-15.03.57:795][723]LogSavePackage: Total save time: 14.560562ms
[2016.10.26-15.03.57:795][723]LogSavePackage:Display: Finished SavePackage D:/prog/0_myprogram/nekoroom/proj/Content/RoomObjects/obj_cardboard01_mat.uasset
[2016.10.26-15.03.57:808][723]Cmd: OBJ SAVEPACKAGE PACKAGE="/Game/RoomObjects/obj_cardboard" FILE="D:/prog/0_myprogram/nekoroom/proj/Content/RoomObjects/obj_cardboard.uasset" SILENT=true
[2016.10.26-15.03.57:816][723]LogSavePackage: Save=7.933183ms
[2016.10.26-15.03.57:816][723]LogSavePackage: Moving 'D:/prog/0_myprogram/nekoroom/proj/Saved/obj_cardboard19632B664B1A06BB9157D9A15450116E.tmp' to 'D:/prog/0_myprogram/nekoroom/proj/Content/RoomObjects/obj_cardboard.uasset'
[2016.10.26-15.03.57:817][723]LogSavePackage: Total save time: 8.933421ms
[2016.10.26-15.03.57:817][723]LogSavePackage:Display: Finished SavePackage D:/prog/0_myprogram/nekoroom/proj/Content/RoomObjects/obj_cardboard.uasset
[2016.10.26-15.04.30:618][589]LogFactory: FactoryCreateBinary: Texture with ReimportTextureFactory (0 0 D:\googledrive\GameProject\Design\Object\Texture\obj_cardboard01_c01.tga)
[2016.10.26-15.04.30:860][589]LogTexture:Display: Building textures: obj_cardboard01_c01 (AutoDXT)
[2016.10.26-15.04.31:445][589]LogFactory: FactoryCreateBinary: Texture with ReimportTextureFactory (0 0 D:\googledrive\GameProject\Design\Object\Texture\obj_clean_robot01_c01.tga)
[2016.10.26-15.04.31:514][589]LogTexture:Display: Building textures: obj_clean_robot01_c01 (AutoDXT)
[2016.10.26-15.04.31:669][589]LogFactory: FactoryCreateBinary: Texture with ReimportTextureFactory (0 0 D:\googledrive\GameProject\Design\Object\Texture\obj_curtain01_c01.tga)
[2016.10.26-15.04.31:736][589]LogTexture:Display: Building textures: obj_curtain01_c01 (AutoDXT)
[2016.10.26-15.04.38:092][259]LogMaterial: Missing cached shader map for material obj_cardboard01_c01_Mat, compiling. 
[2016.10.26-15.04.38:098][259]LogMaterial: Missing cached shader map for material obj_clean_robot01_c01_Mat, compiling. 
[2016.10.26-15.04.38:104][259]LogMaterial: Missing cached shader map for material obj_curtain01_c01_Mat, compiling. 
[2016.10.26-15.04.41:230][632]Cmd: EDIT CUT
[2016.10.26-15.04.41:236][632]LogEditorActor: Deleted Actor: StaticMeshActor
[2016.10.26-15.04.41:244][632]LogEditorActor: Deleted 1 Actors (0.009 secs)
[2016.10.26-15.04.54:902][265]Cmd: OBJ SAVEPACKAGE PACKAGE="/Game/RoomObjects/Materials/obj_cardboard01_c01_Mat" FILE="D:/prog/0_myprogram/nekoroom/proj/Content/RoomObjects/Materials/obj_cardboard01_c01_Mat.uasset" SILENT=true
[2016.10.26-15.04.54:914][265]LogSavePackage: Save=10.336822ms
[2016.10.26-15.04.54:914][265]LogSavePackage: Moving 'D:/prog/0_myprogram/nekoroom/proj/Saved/obj_cardboard01_c01_Mat97ECD0D74974B404839ECAB45E6DA1E4.tmp' to 'D:/prog/0_myprogram/nekoroom/proj/Content/RoomObjects/Materials/obj_cardboard01_c01_Mat.uasset'
[2016.10.26-15.04.54:914][265]LogSavePackage: Total save time: 11.318412ms
[2016.10.26-15.04.54:915][265]LogSavePackage:Display: Finished SavePackage D:/prog/0_myprogram/nekoroom/proj/Content/RoomObjects/Materials/obj_cardboard01_c01_Mat.uasset
[2016.10.26-15.04.54:926][265]Cmd: OBJ SAVEPACKAGE PACKAGE="/Game/RoomObjects/Materials/obj_clean_robot01_c01_Mat" FILE="D:/prog/0_myprogram/nekoroom/proj/Content/RoomObjects/Materials/obj_clean_robot01_c01_Mat.uasset" SILENT=true
[2016.10.26-15.04.54:938][265]LogSavePackage: Save=10.621435ms
[2016.10.26-15.04.54:938][265]LogSavePackage: Moving 'D:/prog/0_myprogram/nekoroom/proj/Saved/obj_clean_robot01_c01_MatBF214123451600AD7C55AEA4858A33A8.tmp' to 'D:/prog/0_myprogram/nekoroom/proj/Content/RoomObjects/Materials/obj_clean_robot01_c01_Mat.uasset'
[2016.10.26-15.04.54:938][265]LogSavePackage: Total save time: 11.723869ms
[2016.10.26-15.04.54:938][265]LogSavePackage:Display: Finished SavePackage D:/prog/0_myprogram/nekoroom/proj/Content/RoomObjects/Materials/obj_clean_robot01_c01_Mat.uasset
[2016.10.26-15.04.54:951][265]Cmd: OBJ SAVEPACKAGE PACKAGE="/Game/RoomObjects/Materials/obj_curtain01_c01_Mat" FILE="D:/prog/0_myprogram/nekoroom/proj/Content/RoomObjects/Materials/obj_curtain01_c01_Mat.uasset" SILENT=true
[2016.10.26-15.04.54:964][265]LogSavePackage: Save=11.921107ms
[2016.10.26-15.04.54:964][265]LogSavePackage: Moving 'D:/prog/0_myprogram/nekoroom/proj/Saved/obj_curtain01_c01_Mat40893C2C4233E8556B27E99FB3B3273C.tmp' to 'D:/prog/0_myprogram/nekoroom/proj/Content/RoomObjects/Materials/obj_curtain01_c01_Mat.uasset'
[2016.10.26-15.04.54:965][265]LogSavePackage: Total save time: 12.882512ms
[2016.10.26-15.04.54:965][265]LogSavePackage:Display: Finished SavePackage D:/prog/0_myprogram/nekoroom/proj/Content/RoomObjects/Materials/obj_curtain01_c01_Mat.uasset
[2016.10.26-15.05.09:930][868]LogRenderer: Reallocating scene render targets to support 1192x732 (Frame:24429).
[2016.10.26-15.09.48:584][270]LogSavePackage: Save=177.875900ms
[2016.10.26-15.09.48:584][270]LogSavePackage: Moving 'D:/prog/0_myprogram/nekoroom/proj/Saved/ThirdPersonExampleMap_Auto189A3D6BF42557036356A76A2189D30FE.tmp' to 'D:/prog/0_myprogram/nekoroom/proj/Saved/Autosaves/Game/ThirdPersonBP/Maps/ThirdPersonExampleMap_Auto1.umap'
[2016.10.26-15.09.48:585][270]LogSavePackage: Total save time: 186.385203ms
[2016.10.26-15.09.48:585][270]LogSavePackage:Display: Finished SavePackage D:/prog/0_myprogram/nekoroom/proj/Saved/Autosaves/Game/ThirdPersonBP/Maps/ThirdPersonExampleMap_Auto1.umap
[2016.10.26-15.09.48:588][270]LogFileHelpers: Editor autosave (incl. sublevels) for '/Game/ThirdPersonBP/Maps/ThirdPersonExampleMap' took 0.201
[2016.10.26-15.09.48:588][270]LogFileHelpers: Editor autosave (incl. sublevels) for all levels took 0.201
[2016.10.26-15.09.48:590][270]Cmd: OBJ SAVEPACKAGE PACKAGE="/Game/Room/obj_cardboard" FILE="D:/prog/0_myprogram/nekoroom/proj/Saved/Autosaves/Game/Room/obj_cardboard_Auto1.uasset" SILENT=false AUTOSAVING=true
[2016.10.26-15.09.48:593][270]LogSavePackage: Save=2.237060ms
[2016.10.26-15.09.48:593][270]LogSavePackage: Moving 'D:/prog/0_myprogram/nekoroom/proj/Saved/obj_cardboard_Auto113EA949F45BF623D73C4138452136286.tmp' to 'D:/prog/0_myprogram/nekoroom/proj/Saved/Autosaves/Game/Room/obj_cardboard_Auto1.uasset'
[2016.10.26-15.09.48:594][270]LogSavePackage: Total save time: 2.804246ms
[2016.10.26-15.09.48:594][270]LogSavePackage:Display: Finished SavePackage D:/prog/0_myprogram/nekoroom/proj/Saved/Autosaves/Game/Room/obj_cardboard_Auto1.uasset
[2016.10.26-15.09.48:595][270]Cmd: OBJ SAVEPACKAGE PACKAGE="/Game/Room/obj_cardboard01_mat" FILE="D:/prog/0_myprogram/nekoroom/proj/Saved/Autosaves/Game/Room/obj_cardboard01_mat_Auto1.uasset" SILENT=false AUTOSAVING=true
[2016.10.26-15.09.48:598][270]LogSavePackage: Save=2.179830ms
[2016.10.26-15.09.48:598][270]LogSavePackage: Moving 'D:/prog/0_myprogram/nekoroom/proj/Saved/obj_cardboard01_mat_Auto19D0823EF4E225C060C1410A613AC90BB.tmp' to 'D:/prog/0_myprogram/nekoroom/proj/Saved/Autosaves/Game/Room/obj_cardboard01_mat_Auto1.uasset'
[2016.10.26-15.09.48:599][270]LogSavePackage: Total save time: 2.674203ms
[2016.10.26-15.09.48:599][270]LogSavePackage:Display: Finished SavePackage D:/prog/0_myprogram/nekoroom/proj/Saved/Autosaves/Game/Room/obj_cardboard01_mat_Auto1.uasset
[2016.10.26-15.09.48:600][270]OBJ SavePackage: Generating thumbnails for [1] asset(s) in package [/Game/RoomObjects/Textures/obj_cardboard01_c01] ([1] browsable assets)...
[2016.10.26-15.09.48:608][270]OBJ SavePackage:     Rendered thumbnail for [Texture2D /Game/RoomObjects/Textures/obj_cardboard01_c01.obj_cardboard01_c01]
[2016.10.26-15.09.48:608][270]OBJ SavePackage: Finished generating thumbnails for package [/Game/RoomObjects/Textures/obj_cardboard01_c01]
[2016.10.26-15.09.48:619][270]LogSavePackage: Save=10.509787ms
[2016.10.26-15.09.48:619][270]LogSavePackage: Moving 'D:/prog/0_myprogram/nekoroom/proj/Saved/obj_cardboard01_c01_Auto137834E1E4A37A534A83804A6E07B7CB8.tmp' to 'D:/prog/0_myprogram/nekoroom/proj/Saved/Autosaves/Game/RoomObjects/Textures/obj_cardboard01_c01_Auto1.uasset'
[2016.10.26-15.09.48:619][270]LogSavePackage: Total save time: 11.005178ms
[2016.10.26-15.09.48:619][270]LogSavePackage:Display: Finished SavePackage D:/prog/0_myprogram/nekoroom/proj/Saved/Autosaves/Game/RoomObjects/Textures/obj_cardboard01_c01_Auto1.uasset
[2016.10.26-15.09.48:621][270]OBJ SavePackage: Generating thumbnails for [1] asset(s) in package [/Game/RoomObjects/obj_cardboard] ([1] browsable assets)...
[2016.10.26-15.09.48:630][270]OBJ SavePackage:     Rendered thumbnail for [StaticMesh /Game/RoomObjects/obj_cardboard.obj_cardboard]
[2016.10.26-15.09.48:630][270]OBJ SavePackage: Finished generating thumbnails for package [/Game/RoomObjects/obj_cardboard]
[2016.10.26-15.09.48:630][270]Cmd: OBJ SAVEPACKAGE PACKAGE="/Game/RoomObjects/obj_cardboard" FILE="D:/prog/0_myprogram/nekoroom/proj/Saved/Autosaves/Game/RoomObjects/obj_cardboard_Auto1.uasset" SILENT=false AUTOSAVING=true
[2016.10.26-15.09.48:643][270]LogSavePackage: Save=9.064487ms
[2016.10.26-15.09.48:643][270]LogSavePackage: Moving 'D:/prog/0_myprogram/nekoroom/proj/Saved/obj_cardboard_Auto18F4C62994156FDF83D79C694222B0080.tmp' to 'D:/prog/0_myprogram/nekoroom/proj/Saved/Autosaves/Game/RoomObjects/obj_cardboard_Auto1.uasset'
[2016.10.26-15.09.48:644][270]LogSavePackage: Total save time: 12.737140ms
[2016.10.26-15.09.48:644][270]LogSavePackage:Display: Finished SavePackage D:/prog/0_myprogram/nekoroom/proj/Saved/Autosaves/Game/RoomObjects/obj_cardboard_Auto1.uasset
[2016.10.26-15.09.48:645][270]OBJ SavePackage: Generating thumbnails for [1] asset(s) in package [/Game/RoomObjects/Textures/obj_clean_robot01_c01] ([1] browsable assets)...
[2016.10.26-15.09.48:652][270]OBJ SavePackage:     Rendered thumbnail for [Texture2D /Game/RoomObjects/Textures/obj_clean_robot01_c01.obj_clean_robot01_c01]
[2016.10.26-15.09.48:652][270]OBJ SavePackage: Finished generating thumbnails for package [/Game/RoomObjects/Textures/obj_clean_robot01_c01]
[2016.10.26-15.09.48:660][270]LogSavePackage: Save=6.776585ms
[2016.10.26-15.09.48:660][270]LogSavePackage: Moving 'D:/prog/0_myprogram/nekoroom/proj/Saved/obj_clean_robot01_c01_Auto17A77AD954AB7ACE2D078A7A21C11DAD7.tmp' to 'D:/prog/0_myprogram/nekoroom/proj/Saved/Autosaves/Game/RoomObjects/Textures/obj_clean_robot01_c01_Auto1.uasset'
[2016.10.26-15.09.48:660][270]LogSavePackage: Total save time: 7.330738ms
[2016.10.26-15.09.48:660][270]LogSavePackage:Display: Finished SavePackage D:/prog/0_myprogram/nekoroom/proj/Saved/Autosaves/Game/RoomObjects/Textures/obj_clean_robot01_c01_Auto1.uasset
[2016.10.26-15.09.48:662][270]OBJ SavePackage: Generating thumbnails for [1] asset(s) in package [/Game/RoomObjects/Textures/obj_curtain01_c01] ([1] browsable assets)...
[2016.10.26-15.09.48:668][270]OBJ SavePackage:     Rendered thumbnail for [Texture2D /Game/RoomObjects/Textures/obj_curtain01_c01.obj_curtain01_c01]
[2016.10.26-15.09.48:668][270]OBJ SavePackage: Finished generating thumbnails for package [/Game/RoomObjects/Textures/obj_curtain01_c01]
[2016.10.26-15.09.48:680][270]LogSavePackage: Save=10.842178ms
[2016.10.26-15.09.48:680][270]LogSavePackage: Moving 'D:/prog/0_myprogram/nekoroom/proj/Saved/obj_curtain01_c01_Auto11F41816F48131924A992CCA97CFB81C9.tmp' to 'D:/prog/0_myprogram/nekoroom/proj/Saved/Autosaves/Game/RoomObjects/Textures/obj_curtain01_c01_Auto1.uasset'
[2016.10.26-15.09.48:680][270]LogSavePackage: Total save time: 11.525355ms
[2016.10.26-15.09.48:680][270]LogSavePackage:Display: Finished SavePackage D:/prog/0_myprogram/nekoroom/proj/Saved/Autosaves/Game/RoomObjects/Textures/obj_curtain01_c01_Auto1.uasset
[2016.10.26-15.09.48:685][270]LogSavePackage: Save=2.236293ms
[2016.10.26-15.09.48:685][270]LogSavePackage: Moving 'D:/prog/0_myprogram/nekoroom/proj/Saved/obj_cardboard01_c01_Mat_Auto1A2F7F8C0488EC32F39168D9EBD35424E.tmp' to 'D:/prog/0_myprogram/nekoroom/proj/Saved/Autosaves/Game/RoomObjects/Textures/obj_cardboard01_c01_Mat_Auto1.uasset'
[2016.10.26-15.09.48:685][270]LogSavePackage: Total save time: 2.774607ms
[2016.10.26-15.09.48:685][270]LogSavePackage:Display: Finished SavePackage D:/prog/0_myprogram/nekoroom/proj/Saved/Autosaves/Game/RoomObjects/Textures/obj_cardboard01_c01_Mat_Auto1.uasset
[2016.10.26-15.09.48:689][270]LogSavePackage: Save=2.181874ms
[2016.10.26-15.09.48:689][270]LogSavePackage: Moving 'D:/prog/0_myprogram/nekoroom/proj/Saved/obj_clean_robot01_c01_Mat_Auto1CFCEB90D45D6118AB3F6EAB83B2E34B8.tmp' to 'D:/prog/0_myprogram/nekoroom/proj/Saved/Autosaves/Game/RoomObjects/Textures/obj_clean_robot01_c01_Mat_Auto1.uasset'
[2016.10.26-15.09.48:690][270]LogSavePackage: Total save time: 2.625912ms
[2016.10.26-15.09.48:690][270]LogSavePackage:Display: Finished SavePackage D:/prog/0_myprogram/nekoroom/proj/Saved/Autosaves/Game/RoomObjects/Textures/obj_clean_robot01_c01_Mat_Auto1.uasset
[2016.10.26-15.09.48:694][270]LogSavePackage: Save=2.240637ms
[2016.10.26-15.09.48:694][270]LogSavePackage: Moving 'D:/prog/0_myprogram/nekoroom/proj/Saved/obj_curtain01_c01_Mat_Auto183ECF8454AB6E508ABE7DE9098F51552.tmp' to 'D:/prog/0_myprogram/nekoroom/proj/Saved/Autosaves/Game/RoomObjects/Textures/obj_curtain01_c01_Mat_Auto1.uasset'
[2016.10.26-15.09.48:694][270]LogSavePackage: Total save time: 2.794027ms
[2016.10.26-15.09.48:694][270]LogSavePackage:Display: Finished SavePackage D:/prog/0_myprogram/nekoroom/proj/Saved/Autosaves/Game/RoomObjects/Textures/obj_curtain01_c01_Mat_Auto1.uasset
[2016.10.26-15.09.48:694][270]LogFileHelpers: Auto-saving content packages took 0.106
[2016.10.26-15.19.44:760][843]LogSavePackage: Save=179.951492ms
[2016.10.26-15.19.44:760][843]LogSavePackage: Moving 'D:/prog/0_myprogram/nekoroom/proj/Saved/ThirdPersonExampleMap63678FDC40C04CC3EAE2FDA2CD8C6D70.tmp' to 'D:/prog/0_myprogram/nekoroom/proj/Content/ThirdPersonBP/Maps/ThirdPersonExampleMap.umap'
[2016.10.26-15.19.44:764][843]LogSavePackage: Total save time: 192.579787ms
[2016.10.26-15.19.44:764][843]LogSavePackage:Display: Finished SavePackage D:/prog/0_myprogram/nekoroom/proj/Content/ThirdPersonBP/Maps/ThirdPersonExampleMap.umap
[2016.10.26-15.19.44:777][843]LogFileHelpers: Saving map 'ThirdPersonExampleMap' took 0.249
[2016.10.26-15.19.44:780][843]Cmd: OBJ SAVEPACKAGE PACKAGE="/Game/Room/obj_cardboard" FILE="D:/prog/0_myprogram/nekoroom/proj/Content/Room/obj_cardboard.uasset" SILENT=true
[2016.10.26-15.19.44:783][843]LogSavePackage: Save=2.253411ms
[2016.10.26-15.19.44:783][843]LogSavePackage: Moving 'D:/prog/0_myprogram/nekoroom/proj/Saved/obj_cardboard890B81604FEBD753A6508F9BFD6C3936.tmp' to 'D:/prog/0_myprogram/nekoroom/proj/Content/Room/obj_cardboard.uasset'
[2016.10.26-15.19.44:787][843]LogSavePackage: Total save time: 6.539747ms
[2016.10.26-15.19.44:787][843]LogSavePackage:Display: Finished SavePackage D:/prog/0_myprogram/nekoroom/proj/Content/Room/obj_cardboard.uasset
[2016.10.26-15.19.44:790][843]Cmd: OBJ SAVEPACKAGE PACKAGE="/Game/Room/obj_cardboard01_mat" FILE="D:/prog/0_myprogram/nekoroom/proj/Content/Room/obj_cardboard01_mat.uasset" SILENT=true
[2016.10.26-15.19.44:794][843]LogSavePackage: Save=2.221730ms
[2016.10.26-15.19.44:794][843]LogSavePackage: Moving 'D:/prog/0_myprogram/nekoroom/proj/Saved/obj_cardboard01_mat53E2B402478C71908136B8871AB3370E.tmp' to 'D:/prog/0_myprogram/nekoroom/proj/Content/Room/obj_cardboard01_mat.uasset'
[2016.10.26-15.19.44:797][843]LogSavePackage: Total save time: 5.763315ms
[2016.10.26-15.19.44:797][843]LogSavePackage:Display: Finished SavePackage D:/prog/0_myprogram/nekoroom/proj/Content/Room/obj_cardboard01_mat.uasset
[2016.10.26-15.19.44:807][843]Cmd: OBJ SAVEPACKAGE PACKAGE="/Game/RoomObjects/Textures/obj_cardboard01_c01" FILE="D:/prog/0_myprogram/nekoroom/proj/Content/RoomObjects/Textures/obj_cardboard01_c01.uasset" SILENT=true
[2016.10.26-15.19.45:022][843]LogSavePackage: Save=213.317551ms
[2016.10.26-15.19.45:022][843]LogSavePackage: Moving 'D:/prog/0_myprogram/nekoroom/proj/Saved/obj_cardboard01_c0102BC34024F6A8880009FA5A2B0C7801B.tmp' to 'D:/prog/0_myprogram/nekoroom/proj/Content/RoomObjects/Textures/obj_cardboard01_c01.uasset'
[2016.10.26-15.19.45:025][843]LogSavePackage: Total save time: 216.926083ms
[2016.10.26-15.19.45:025][843]LogSavePackage:Display: Finished SavePackage D:/prog/0_myprogram/nekoroom/proj/Content/RoomObjects/Textures/obj_cardboard01_c01.uasset
[2016.10.26-15.19.45:032][843]Cmd: OBJ SAVEPACKAGE PACKAGE="/Game/RoomObjects/obj_cardboard" FILE="D:/prog/0_myprogram/nekoroom/proj/Content/RoomObjects/obj_cardboard.uasset" SILENT=true
[2016.10.26-15.19.45:040][843]LogSavePackage: Save=3.423550ms
[2016.10.26-15.19.45:040][843]LogSavePackage: Moving 'D:/prog/0_myprogram/nekoroom/proj/Saved/obj_cardboard2ED07A864013FA9FAE0358A3F240B920.tmp' to 'D:/prog/0_myprogram/nekoroom/proj/Content/RoomObjects/obj_cardboard.uasset'
[2016.10.26-15.19.45:043][843]LogSavePackage: Total save time: 10.405801ms
[2016.10.26-15.19.45:043][843]LogSavePackage:Display: Finished SavePackage D:/prog/0_myprogram/nekoroom/proj/Content/RoomObjects/obj_cardboard.uasset
[2016.10.26-15.19.45:053][843]Cmd: OBJ SAVEPACKAGE PACKAGE="/Game/RoomObjects/Textures/obj_clean_robot01_c01" FILE="D:/prog/0_myprogram/nekoroom/proj/Content/RoomObjects/Textures/obj_clean_robot01_c01.uasset" SILENT=true
[2016.10.26-15.19.45:109][843]LogSavePackage: Save=55.092838ms
[2016.10.26-15.19.45:109][843]LogSavePackage: Moving 'D:/prog/0_myprogram/nekoroom/proj/Saved/obj_clean_robot01_c0155AD4F1A4CE738FC180200B148EEAED3.tmp' to 'D:/prog/0_myprogram/nekoroom/proj/Content/RoomObjects/Textures/obj_clean_robot01_c01.uasset'
[2016.10.26-15.19.45:113][843]LogSavePackage: Total save time: 58.757056ms
[2016.10.26-15.19.45:113][843]LogSavePackage:Display: Finished SavePackage D:/prog/0_myprogram/nekoroom/proj/Content/RoomObjects/Textures/obj_clean_robot01_c01.uasset
[2016.10.26-15.19.45:123][843]Cmd: OBJ SAVEPACKAGE PACKAGE="/Game/RoomObjects/Textures/obj_curtain01_c01" FILE="D:/prog/0_myprogram/nekoroom/proj/Content/RoomObjects/Textures/obj_curtain01_c01.uasset" SILENT=true
[2016.10.26-15.19.45:263][843]LogSavePackage: Save=138.781509ms
[2016.10.26-15.19.45:263][843]LogSavePackage: Moving 'D:/prog/0_myprogram/nekoroom/proj/Saved/obj_curtain01_c01F9AB51724878A330CBD888A167746542.tmp' to 'D:/prog/0_myprogram/nekoroom/proj/Content/RoomObjects/Textures/obj_curtain01_c01.uasset'
[2016.10.26-15.19.45:266][843]LogSavePackage: Total save time: 142.507818ms
[2016.10.26-15.19.45:266][843]LogSavePackage:Display: Finished SavePackage D:/prog/0_myprogram/nekoroom/proj/Content/RoomObjects/Textures/obj_curtain01_c01.uasset
[2016.10.26-15.19.45:269][843]Cmd: OBJ SAVEPACKAGE PACKAGE="/Game/RoomObjects/Textures/obj_cardboard01_c01_Mat" FILE="D:/prog/0_myprogram/nekoroom/proj/Content/RoomObjects/Textures/obj_cardboard01_c01_Mat.uasset" SILENT=true
[2016.10.26-15.19.45:273][843]LogSavePackage: Save=2.244469ms
[2016.10.26-15.19.45:273][843]LogSavePackage: Moving 'D:/prog/0_myprogram/nekoroom/proj/Saved/obj_cardboard01_c01_MatBA1AABD347597E83A3304A8DE089DCDB.tmp' to 'D:/prog/0_myprogram/nekoroom/proj/Content/RoomObjects/Textures/obj_cardboard01_c01_Mat.uasset'
[2016.10.26-15.19.45:276][843]LogSavePackage: Total save time: 5.944971ms
[2016.10.26-15.19.45:276][843]LogSavePackage:Display: Finished SavePackage D:/prog/0_myprogram/nekoroom/proj/Content/RoomObjects/Textures/obj_cardboard01_c01_Mat.uasset
[2016.10.26-15.19.45:279][843]Cmd: OBJ SAVEPACKAGE PACKAGE="/Game/RoomObjects/Textures/obj_clean_robot01_c01_Mat" FILE="D:/prog/0_myprogram/nekoroom/proj/Content/RoomObjects/Textures/obj_clean_robot01_c01_Mat.uasset" SILENT=true
[2016.10.26-15.19.45:283][843]LogSavePackage: Save=2.322649ms
[2016.10.26-15.19.45:283][843]LogSavePackage: Moving 'D:/prog/0_myprogram/nekoroom/proj/Saved/obj_clean_robot01_c01_Mat0BD6F3BB4C9A040379E36DB375C00453.tmp' to 'D:/prog/0_myprogram/nekoroom/proj/Content/RoomObjects/Textures/obj_clean_robot01_c01_Mat.uasset'
[2016.10.26-15.19.45:285][843]LogSavePackage: Total save time: 4.889034ms
[2016.10.26-15.19.45:285][843]LogSavePackage:Display: Finished SavePackage D:/prog/0_myprogram/nekoroom/proj/Content/RoomObjects/Textures/obj_clean_robot01_c01_Mat.uasset
[2016.10.26-15.19.45:291][843]Cmd: OBJ SAVEPACKAGE PACKAGE="/Game/RoomObjects/Textures/obj_curtain01_c01_Mat" FILE="D:/prog/0_myprogram/nekoroom/proj/Content/RoomObjects/Textures/obj_curtain01_c01_Mat.uasset" SILENT=true
[2016.10.26-15.19.45:294][843]LogSavePackage: Save=2.201547ms
[2016.10.26-15.19.45:294][843]LogSavePackage: Moving 'D:/prog/0_myprogram/nekoroom/proj/Saved/obj_curtain01_c01_MatA9D550CE4FEE9488174AE7A7805C60D7.tmp' to 'D:/prog/0_myprogram/nekoroom/proj/Content/RoomObjects/Textures/obj_curtain01_c01_Mat.uasset'
[2016.10.26-15.19.45:294][843]LogSavePackage: Total save time: 3.198463ms
[2016.10.26-15.19.45:294][843]LogSavePackage:Display: Finished SavePackage D:/prog/0_myprogram/nekoroom/proj/Content/RoomObjects/Textures/obj_curtain01_c01_Mat.uasset
[2016.10.26-15.19.52:312][527]LogActorFactory: Actor Factory created obj_cardboard
[2016.10.26-15.19.53:115][623]LogActorFactory: Actor Factory created obj_cardboard
[2016.10.26-15.19.54:828][824]LogEditorViewport: Clicking on Actor (context menu): StaticMeshActor (Floor)
[2016.10.26-15.20.02:670][757]LogEditorViewport: Clicking on Actor (LMB): BP_Sky_Sphere_C (SkySphereBlueprint)
[2016.10.26-15.20.30:954][206]LogFactory: FactoryCreateBinary: StaticMesh with FbxFactory (0 0 D:\googledrive\GameProject\Design\Object\fbx\obj_clean_robot.fbx)
[2016.10.26-15.20.31:011][206]LogFbx: ItemName: GlobalSettings, ItemCount : 1
[2016.10.26-15.20.31:011][206]LogFbx: ItemName: AnimationStack, ItemCount : 1
[2016.10.26-15.20.31:011][206]LogFbx: ItemName: AnimationLayer, ItemCount : 1
[2016.10.26-15.20.31:011][206]LogFbx: ItemName: NodeAttribute, ItemCount : 1
[2016.10.26-15.20.31:011][206]LogFbx: ItemName: Model, ItemCount : 2
[2016.10.26-15.20.31:011][206]LogFbx: ItemName: Geometry, ItemCount : 1
[2016.10.26-15.20.31:011][206]LogFbx: ItemName: Material, ItemCount : 1
[2016.10.26-15.20.31:011][206]LogFbx: ItemName: Texture, ItemCount : 1
[2016.10.26-15.20.31:011][206]LogFbx: ItemName: Video, ItemCount : 1
[2016.10.26-15.20.31:119][206]LogFbx: Loading FBX Scene from D:\googledrive\GameProject\Design\Object\fbx\obj_clean_robot.fbx
[2016.10.26-15.20.31:192][206]LogFbx: FBX Scene Loaded Succesfully
[2016.10.26-15.20.45:944][206]LogFbx: Loading FBX Scene from D:\googledrive\GameProject\Design\Object\fbx\obj_clean_robot.fbx
[2016.10.26-15.20.46:014][206]LogFbx: FBX Scene Loaded Succesfully
[2016.10.26-15.20.46:036][206]LogFbx:Warning: Triangulating static mesh obj_clean_robot_mesh
[2016.10.26-15.20.46:060][206]LogStaticMesh: Building static mesh obj_clean_robot...
[2016.10.26-15.20.46:066][206]LogStaticMesh: Built static mesh [0.005599.2s] /Game/RoomObjects/obj_clean_robot.obj_clean_robot
[2016.10.26-15.20.46:067][206]LogStaticMesh:Warning: obj_clean_robot has degenerate tangent bases which will result in incorrect shading. 
[2016.10.26-15.20.46:068][206]FBXImport:Warning: Warning obj_clean_robot has degenerate tangent bases which will result in incorrect shading.  
[2016.10.26-15.21.33:720][257]LogSavePackage: Save=175.120712ms
[2016.10.26-15.21.33:720][257]LogSavePackage: Moving 'D:/prog/0_myprogram/nekoroom/proj/Saved/ThirdPersonExampleMap9AE969E644A18AB48C5ACF8AB5A565E0.tmp' to 'D:/prog/0_myprogram/nekoroom/proj/Content/ThirdPersonBP/Maps/ThirdPersonExampleMap.umap'
[2016.10.26-15.21.33:722][257]LogSavePackage: Total save time: 177.944623ms
[2016.10.26-15.21.33:722][257]LogSavePackage:Display: Finished SavePackage D:/prog/0_myprogram/nekoroom/proj/Content/ThirdPersonBP/Maps/ThirdPersonExampleMap.umap
[2016.10.26-15.21.33:731][257]LogFileHelpers: Saving map 'ThirdPersonExampleMap' took 0.228
[2016.10.26-15.21.33:742][257]Cmd: OBJ SAVEPACKAGE PACKAGE="/Game/RoomObjects/obj_clean_robot" FILE="D:/prog/0_myprogram/nekoroom/proj/Content/RoomObjects/obj_clean_robot.uasset" SILENT=true
[2016.10.26-15.21.33:751][257]LogSavePackage: Save=9.093357ms
[2016.10.26-15.21.33:751][257]LogSavePackage: Moving 'D:/prog/0_myprogram/nekoroom/proj/Saved/obj_clean_robotD33E368C41D3C0F1060BF5B876FBA19E.tmp' to 'D:/prog/0_myprogram/nekoroom/proj/Content/RoomObjects/obj_clean_robot.uasset'
[2016.10.26-15.21.33:752][257]LogSavePackage: Total save time: 10.192469ms
[2016.10.26-15.21.33:752][257]LogSavePackage:Display: Finished SavePackage D:/prog/0_myprogram/nekoroom/proj/Content/RoomObjects/obj_clean_robot.uasset
[2016.10.26-15.22.05:077][472]Cmd: OBJ SAVEPACKAGE PACKAGE="/Game/RoomObjects/obj_clean_robot" FILE="D:/prog/0_myprogram/nekoroom/proj/Content/RoomObjects/obj_clean_robot.uasset" SILENT=true
[2016.10.26-15.22.05:091][472]LogSavePackage: Save=9.527688ms
[2016.10.26-15.22.05:091][472]LogSavePackage: Moving 'D:/prog/0_myprogram/nekoroom/proj/Saved/obj_clean_robotEDAE95024139DD1F2D1ECC9AC7D65017.tmp' to 'D:/prog/0_myprogram/nekoroom/proj/Content/RoomObjects/obj_clean_robot.uasset'
[2016.10.26-15.22.05:092][472]LogSavePackage: Total save time: 13.828844ms
[2016.10.26-15.22.05:092][472]LogSavePackage:Display: Finished SavePackage D:/prog/0_myprogram/nekoroom/proj/Content/RoomObjects/obj_clean_robot.uasset
[2016.10.26-15.23.05:031][722]LogFactory: FactoryCreateBinary: StaticMesh with FbxFactory (0 0 D:/googledrive/GameProject/Design/Object/fbx/obj_curtain.fbx)
[2016.10.26-15.23.05:039][722]LogFbx: ItemName: GlobalSettings, ItemCount : 1
[2016.10.26-15.23.05:039][722]LogFbx: ItemName: AnimationStack, ItemCount : 1
[2016.10.26-15.23.05:039][722]LogFbx: ItemName: AnimationLayer, ItemCount : 1
[2016.10.26-15.23.05:039][722]LogFbx: ItemName: NodeAttribute, ItemCount : 14
[2016.10.26-15.23.05:039][722]LogFbx: ItemName: Model, ItemCount : 15
[2016.10.26-15.23.05:039][722]LogFbx: ItemName: Geometry, ItemCount : 1
[2016.10.26-15.23.05:039][722]LogFbx: ItemName: Material, ItemCount : 1
[2016.10.26-15.23.05:039][722]LogFbx: ItemName: Texture, ItemCount : 1
[2016.10.26-15.23.05:039][722]LogFbx: ItemName: AnimationCurveNode, ItemCount : 65
[2016.10.26-15.23.05:039][722]LogFbx: ItemName: AnimationCurve, ItemCount : 130
[2016.10.26-15.23.05:039][722]LogFbx: ItemName: Pose, ItemCount : 1
[2016.10.26-15.23.05:039][722]LogFbx: ItemName: Deformer, ItemCount : 14
[2016.10.26-15.23.05:039][722]LogFbx: ItemName: Video, ItemCount : 1
[2016.10.26-15.23.05:093][722]LogFbx: Loading FBX Scene from D:/googledrive/GameProject/Design/Object/fbx/obj_curtain.fbx
[2016.10.26-15.23.05:209][722]LogFbx: FBX Scene Loaded Succesfully
[2016.10.26-15.23.19:417][722]LogFbx: Loading FBX Scene from D:/googledrive/GameProject/Design/Object/fbx/obj_curtain.fbx
[2016.10.26-15.23.19:529][722]LogFbx: FBX Scene Loaded Succesfully
[2016.10.26-15.23.19:552][722]LogFbx: =================================================
[2016.10.26-15.23.19:552][722]LogFbx: Dumping Node START [obj] 
[2016.10.26-15.23.19:552][722]LogFbx: 	Total Deformer Count 406182672.
[2016.10.26-15.23.19:552][722]LogFbx: 		[Node 1]  (Type Skin).
[2016.10.26-15.23.19:552][722]LogFbx: =================================================
[2016.10.26-15.23.19:552][722]LogFbx: 	Attribute () Type (4).
[2016.10.26-15.23.19:552][722]LogFbx: 		[Node Attribute Child 1] obj (Type Mesh).
[2016.10.26-15.23.19:552][722]LogFbx: Dumping Node END [obj]
[2016.10.26-15.23.19:553][722]LogFbx: =================================================
[2016.10.26-15.23.19:553][722]LogFbx: Dumping Node START [obj] 
[2016.10.26-15.23.19:553][722]LogFbx: 	Total Deformer Count 406182672.
[2016.10.26-15.23.19:553][722]LogFbx: 		[Node 1]  (Type Skin).
[2016.10.26-15.23.19:553][722]LogFbx: =================================================
[2016.10.26-15.23.19:553][722]LogFbx: 	Attribute () Type (4).
[2016.10.26-15.23.19:553][722]LogFbx: 		[Node Attribute Child 1] obj (Type Mesh).
[2016.10.26-15.23.19:553][722]LogFbx: Dumping Node END [obj]
[2016.10.26-15.23.19:553][722]LogFbx: =================================================
[2016.10.26-15.23.19:553][722]LogFbx: Dumping Node START [obj] 
[2016.10.26-15.23.19:553][722]LogFbx: 	Total Deformer Count 406182672.
[2016.10.26-15.23.19:553][722]LogFbx: 		[Node 1]  (Type Skin).
[2016.10.26-15.23.19:553][722]LogFbx: =================================================
[2016.10.26-15.23.19:553][722]LogFbx: 	Attribute () Type (4).
[2016.10.26-15.23.19:553][722]LogFbx: 		[Node Attribute Child 1] obj (Type Mesh).
[2016.10.26-15.23.19:553][722]LogFbx: Dumping Node END [obj]
[2016.10.26-15.23.19:555][722]LogFbx: Valid bind pose for Pose (skinCluster1) - obj
[2016.10.26-15.23.19:558][722]LogFbx: Triangulating skeletal mesh obj
[2016.10.26-15.23.19:574][722]LogFbx:Warning: Bones digested - 15  Depth of hierarchy - 6
[2016.10.26-15.23.19:575][722]LogSkeletalMesh: Chunk 0: 25 rigid vertices, 38 soft vertices, 13 active bones
[2016.10.26-15.23.19:575][722]LogSkeletalMesh: Section 0: Material=0, Chunk=0, 96 triangles
[2016.10.26-15.23.19:576][722]LogLinker:Warning: Can't find file '/Game/RoomObjects/obj_curtain_PhysicsAsset'
[2016.10.26-15.23.19:576][722]LogLinker:Warning: Can't find file '/Game/RoomObjects/obj_curtain_PhysicsAsset'
[2016.10.26-15.23.19:576][722]LogUObjectGlobals:Warning: Failed to find object 'Object /Game/RoomObjects/obj_curtain_PhysicsAsset.obj_curtain_PhysicsAsset'
[2016.10.26-15.23.19:577][722]LogLinker:Warning: Can't find file '/Game/RoomObjects/obj_curtain_Skeleton'
[2016.10.26-15.23.19:577][722]LogLinker:Warning: Can't find file '/Game/RoomObjects/obj_curtain_Skeleton'
[2016.10.26-15.23.19:577][722]LogUObjectGlobals:Warning: Failed to find object 'Object /Game/RoomObjects/obj_curtain_Skeleton.obj_curtain_Skeleton'
[2016.10.26-15.23.31:634][164]LogParticles: Destroying 0 GPU particle simulations for FXSystem 0x000002B2060DE7A0
[2016.10.26-15.23.31:634][164]LogParticles: Destroying 0 GPU particle simulations for FXSystem 0x000002B206380C20
[2016.10.26-15.23.31:652][164]Cmd: OBJ SAVEPACKAGE PACKAGE="/Game/RoomObjects/obj_curtain" FILE="D:/prog/0_myprogram/nekoroom/proj/Content/RoomObjects/obj_curtain.uasset" SILENT=true
[2016.10.26-15.23.31:663][164]LogSavePackage: Save=9.613276ms
[2016.10.26-15.23.31:663][164]LogSavePackage: Moving 'D:/prog/0_myprogram/nekoroom/proj/Saved/obj_curtain773F752F4D4E5A022F306F98D2AC1A21.tmp' to 'D:/prog/0_myprogram/nekoroom/proj/Content/RoomObjects/obj_curtain.uasset'
[2016.10.26-15.23.31:664][164]LogSavePackage: Total save time: 10.556541ms
[2016.10.26-15.23.31:664][164]LogSavePackage:Display: Finished SavePackage D:/prog/0_myprogram/nekoroom/proj/Content/RoomObjects/obj_curtain.uasset
[2016.10.26-15.23.31:667][164]Cmd: OBJ SAVEPACKAGE PACKAGE="/Game/RoomObjects/obj_curtain_PhysicsAsset" FILE="D:/prog/0_myprogram/nekoroom/proj/Content/RoomObjects/obj_curtain_PhysicsAsset.uasset" SILENT=true
[2016.10.26-15.23.31:674][164]LogSavePackage: Save=5.730358ms
[2016.10.26-15.23.31:674][164]LogSavePackage: Moving 'D:/prog/0_myprogram/nekoroom/proj/Saved/obj_curtain_PhysicsAsset05D9D97841C5334ED240F5B58B2F8160.tmp' to 'D:/prog/0_myprogram/nekoroom/proj/Content/RoomObjects/obj_curtain_PhysicsAsset.uasset'
[2016.10.26-15.23.31:675][164]LogSavePackage: Total save time: 6.667238ms
[2016.10.26-15.23.31:675][164]LogSavePackage:Display: Finished SavePackage D:/prog/0_myprogram/nekoroom/proj/Content/RoomObjects/obj_curtain_PhysicsAsset.uasset
[2016.10.26-15.23.31:677][164]Cmd: OBJ SAVEPACKAGE PACKAGE="/Game/RoomObjects/obj_curtain_Skeleton" FILE="D:/prog/0_myprogram/nekoroom/proj/Content/RoomObjects/obj_curtain_Skeleton.uasset" SILENT=true
[2016.10.26-15.23.31:681][164]LogSavePackage: Save=2.539814ms
[2016.10.26-15.23.31:681][164]LogSavePackage: Moving 'D:/prog/0_myprogram/nekoroom/proj/Saved/obj_curtain_SkeletonCDD0E2844C92D706519E7FA310811AAE.tmp' to 'D:/prog/0_myprogram/nekoroom/proj/Content/RoomObjects/obj_curtain_Skeleton.uasset'
[2016.10.26-15.23.31:682][164]LogSavePackage: Total save time: 3.547717ms
[2016.10.26-15.23.31:682][164]LogSavePackage:Display: Finished SavePackage D:/prog/0_myprogram/nekoroom/proj/Content/RoomObjects/obj_curtain_Skeleton.uasset
[2016.10.26-15.23.34:406][464]LogSkeletalMesh: InitArticulated: Bodies already created (/Engine/Transient.DebugSkelMeshComponent_0) - call TermArticulated first.
[2016.10.26-15.23.38:180][898]LogActorComponent: RegisterComponentWithWorld: (/Engine/Transient.DebugSkelMeshComponent_0) Already registered. Aborting.
[2016.10.26-15.23.46:681][882]LogMaterial:Warning: Material /Game/RoomObjects/Materials/obj_curtain01_c01_Mat.obj_curtain01_c01_Mat needed to have new flag set bUsedWithSkeletalMesh !
[2016.10.26-15.23.46:683][882]LogMaterial: Missing cached shader map for material obj_curtain01_c01_Mat, compiling. 
[2016.10.26-15.23.46:690][882]LogMaterial: 0.000128 seconds spent updating 1 materials, 1 interfaces, 0 instances, 0 with static permutations.
[2016.10.26-15.24.03:579][755]Cmd: OBJ SAVEPACKAGE PACKAGE="/Game/RoomObjects/Materials/obj_curtain01_c01_Mat" FILE="D:/prog/0_myprogram/nekoroom/proj/Content/RoomObjects/Materials/obj_curtain01_c01_Mat.uasset" SILENT=true
[2016.10.26-15.24.03:587][755]LogSavePackage: Save=3.741633ms
[2016.10.26-15.24.03:587][755]LogSavePackage: Moving 'D:/prog/0_myprogram/nekoroom/proj/Saved/obj_curtain01_c01_Mat49995892485F9D57E5E36CBAAAD54A9A.tmp' to 'D:/prog/0_myprogram/nekoroom/proj/Content/RoomObjects/Materials/obj_curtain01_c01_Mat.uasset'
[2016.10.26-15.24.03:588][755]LogSavePackage: Total save time: 8.742314ms
[2016.10.26-15.24.03:589][755]LogSavePackage:Display: Finished SavePackage D:/prog/0_myprogram/nekoroom/proj/Content/RoomObjects/Materials/obj_curtain01_c01_Mat.uasset
[2016.10.26-15.24.03:600][755]Cmd: OBJ SAVEPACKAGE PACKAGE="/Game/RoomObjects/obj_curtain" FILE="D:/prog/0_myprogram/nekoroom/proj/Content/RoomObjects/obj_curtain.uasset" SILENT=true
[2016.10.26-15.24.03:616][755]LogSavePackage: Save=10.916269ms
[2016.10.26-15.24.03:616][755]LogSavePackage: Moving 'D:/prog/0_myprogram/nekoroom/proj/Saved/obj_curtainD883D7A5441923B566B445BAC62DA4E0.tmp' to 'D:/prog/0_myprogram/nekoroom/proj/Content/RoomObjects/obj_curtain.uasset'
[2016.10.26-15.24.03:618][755]LogSavePackage: Total save time: 16.072802ms
[2016.10.26-15.24.03:618][755]LogSavePackage:Display: Finished SavePackage D:/prog/0_myprogram/nekoroom/proj/Content/RoomObjects/obj_curtain.uasset
[2016.10.26-15.24.15:372][138]LogContentBrowser: Native class hierarchy updated for 'PhAT' in 0.0003 seconds. Added 1 classes and 2 folders.
[2016.10.26-15.24.37:290][699]LogSavePackage: Save=176.736160ms
[2016.10.26-15.24.37:290][699]LogSavePackage: Moving 'D:/prog/0_myprogram/nekoroom/proj/Saved/ThirdPersonExampleMap0AE7F41648E4B27A31870E9B869032EA.tmp' to 'D:/prog/0_myprogram/nekoroom/proj/Content/ThirdPersonBP/Maps/ThirdPersonExampleMap.umap'
[2016.10.26-15.24.37:292][699]LogSavePackage: Total save time: 179.736365ms
[2016.10.26-15.24.37:292][699]LogSavePackage:Display: Finished SavePackage D:/prog/0_myprogram/nekoroom/proj/Content/ThirdPersonBP/Maps/ThirdPersonExampleMap.umap
[2016.10.26-15.24.37:302][699]LogFileHelpers: Saving map 'ThirdPersonExampleMap' took 0.234
[2016.10.26-15.24.42:796][356]LogActorFactory: Actor Factory created obj_cardboard
[2016.10.26-15.24.46:080][745]LogActorFactory: Actor Factory created obj_cardboard
[2016.10.26-15.24.46:674][782]LogSavePackage: Save=179.933609ms
[2016.10.26-15.24.46:674][782]LogSavePackage: Moving 'D:/prog/0_myprogram/nekoroom/proj/Saved/ThirdPersonExampleMapE1CCD1B94FE7604B16B84F952A7D3F35.tmp' to 'D:/prog/0_myprogram/nekoroom/proj/Content/ThirdPersonBP/Maps/ThirdPersonExampleMap.umap'
[2016.10.26-15.24.46:676][782]LogSavePackage: Total save time: 189.856276ms
[2016.10.26-15.24.46:676][782]LogSavePackage:Display: Finished SavePackage D:/prog/0_myprogram/nekoroom/proj/Content/ThirdPersonBP/Maps/ThirdPersonExampleMap.umap
[2016.10.26-15.24.46:686][782]LogFileHelpers: Saving map 'ThirdPersonExampleMap' took 0.243
[2016.10.26-15.24.47:590][890]LogEditorViewport: Clicking on Actor (LMB): StaticMeshActor (obj_cardboard)
[2016.10.26-15.24.50:062][181]Cmd: TRANSACTION UNDO
[2016.10.26-15.24.50:062][181]LogEditorTransaction: Undo Clicking on Actors
[2016.10.26-15.24.54:203][668]Cmd: DELETE
[2016.10.26-15.24.54:203][668]Cmd: ACTOR DELETE
[2016.10.26-15.24.54:203][668]LogEditorActor: Deleted Actor: StaticMeshActor
[2016.10.26-15.24.54:211][668]LogEditorActor: Deleted 1 Actors (0.009 secs)
[2016.10.26-15.24.55:735][850]LogActorFactory: Actor Factory created obj_clean_robot
[2016.10.26-15.24.59:390][288]LogActorFactory: Actor Factory created obj_clean_robot
[2016.10.26-15.24.59:910][346]LogEditorViewport: Clicking on Actor (LMB): SkeletalMeshActor (obj_curtain)
[2016.10.26-15.25.06:218][ 96]LogEditorViewport: Clicking on Actor (LMB): StaticMeshActor (Floor)
[2016.10.26-15.25.06:724][151]LogEditorViewport: Clicking on Actor (LMB): StaticMeshActor (obj_cardboard)
[2016.10.26-15.25.09:923][499]LogSavePackage: Save=184.416153ms
[2016.10.26-15.25.09:923][499]LogSavePackage: Moving 'D:/prog/0_myprogram/nekoroom/proj/Saved/ThirdPersonExampleMap766E98BF4FF61E7DDCA35EB5C144FFD3.tmp' to 'D:/prog/0_myprogram/nekoroom/proj/Content/ThirdPersonBP/Maps/ThirdPersonExampleMap.umap'
[2016.10.26-15.25.09:925][499]LogSavePackage: Total save time: 187.509101ms
[2016.10.26-15.25.09:925][499]LogSavePackage:Display: Finished SavePackage D:/prog/0_myprogram/nekoroom/proj/Content/ThirdPersonBP/Maps/ThirdPersonExampleMap.umap
[2016.10.26-15.25.09:936][499]LogFileHelpers: Saving map 'ThirdPersonExampleMap' took 0.245
[2016.10.26-15.25.10:496][566]LogEditorViewport: Clicking on Actor (LMB): ThirdPersonCharacter_C (ThirdPersonCharacter)
[2016.10.26-15.25.15:451][112]LogSavePackage: Save=177.291595ms
[2016.10.26-15.25.15:451][112]LogSavePackage: Moving 'D:/prog/0_myprogram/nekoroom/proj/Saved/ThirdPersonExampleMap986A844A42CAF950ECBE029C187F5F84.tmp' to 'D:/prog/0_myprogram/nekoroom/proj/Content/ThirdPersonBP/Maps/ThirdPersonExampleMap.umap'
[2016.10.26-15.25.15:453][112]LogSavePackage: Total save time: 179.942291ms
[2016.10.26-15.25.15:453][112]LogSavePackage:Display: Finished SavePackage D:/prog/0_myprogram/nekoroom/proj/Content/ThirdPersonBP/Maps/ThirdPersonExampleMap.umap
[2016.10.26-15.25.15:460][112]LogFileHelpers: Saving map 'ThirdPersonExampleMap' took 0.231
[2016.10.26-15.25.20:584][722]LogEditorViewport: Clicking on Actor (LMB): StaticMeshActor (Floor)
[2016.10.26-15.25.21:632][839]LogEditorViewport: Clicking on Actor (context menu): StaticMeshActor (Floor)
[2016.10.26-15.25.22:419][931]LogEditorViewport: Clicking on Actor (LMB): StaticMeshActor (Floor)
[2016.10.26-15.25.39:035][921]LogEditorViewport: Clicking on Actor (LMB): StaticMeshActor (obj_cardboard)
[2016.10.26-15.25.44:949][625]LogEditorViewport: Clicking on Actor (LMB): StaticMeshActor (obj_clean_robot)
[2016.10.26-15.25.48:790][ 51]LogSavePackage: Save=175.953857ms
[2016.10.26-15.25.48:790][ 51]LogSavePackage: Moving 'D:/prog/0_myprogram/nekoroom/proj/Saved/ThirdPersonExampleMapB0E272854B4BE2F804020887F295B858.tmp' to 'D:/prog/0_myprogram/nekoroom/proj/Content/ThirdPersonBP/Maps/ThirdPersonExampleMap.umap'
[2016.10.26-15.25.48:792][ 51]LogSavePackage: Total save time: 178.906795ms
[2016.10.26-15.25.48:792][ 51]LogSavePackage:Display: Finished SavePackage D:/prog/0_myprogram/nekoroom/proj/Content/ThirdPersonBP/Maps/ThirdPersonExampleMap.umap
[2016.10.26-15.25.48:798][ 51]LogFileHelpers: Saving map 'ThirdPersonExampleMap' took 0.229
[2016.10.26-15.27.29:589][296]LogFactory: FactoryCreateBinary: StaticMesh with FbxFactory (0 0 D:\googledrive\GameProject\Design\BG\fbx\bg_room.fbx)
[2016.10.26-15.27.29:637][296]LogFbx: ItemName: GlobalSettings, ItemCount : 1
[2016.10.26-15.27.29:637][296]LogFbx: ItemName: AnimationStack, ItemCount : 1
[2016.10.26-15.27.29:637][296]LogFbx: ItemName: AnimationLayer, ItemCount : 1
[2016.10.26-15.27.29:637][296]LogFbx: ItemName: NodeAttribute, ItemCount : 1
[2016.10.26-15.27.29:637][296]LogFbx: ItemName: Model, ItemCount : 2
[2016.10.26-15.27.29:637][296]LogFbx: ItemName: Geometry, ItemCount : 1
[2016.10.26-15.27.29:637][296]LogFbx: ItemName: Material, ItemCount : 2
[2016.10.26-15.27.29:637][296]LogFbx: ItemName: Texture, ItemCount : 2
[2016.10.26-15.27.29:637][296]LogFbx: ItemName: Video, ItemCount : 2
[2016.10.26-15.27.29:711][296]LogFbx: Loading FBX Scene from D:\googledrive\GameProject\Design\BG\fbx\bg_room.fbx
[2016.10.26-15.27.29:784][296]LogFbx: FBX Scene Loaded Succesfully
[2016.10.26-15.27.44:089][296]LogFbx: Loading FBX Scene from D:\googledrive\GameProject\Design\BG\fbx\bg_room.fbx
[2016.10.26-15.27.44:160][296]LogFbx: FBX Scene Loaded Succesfully
[2016.10.26-15.27.44:181][296]LogFbx:Warning: Triangulating static mesh bg_room_mesh
[2016.10.26-15.27.44:194][296]LogStaticMesh: Building static mesh bg_room...
[2016.10.26-15.27.44:196][296]LogStaticMesh: Built static mesh [0.003762.2s] /Game/RoomObjects/bg_room.bg_room
[2016.10.26-15.27.47:817][725]Cmd: OBJ SAVEPACKAGE PACKAGE="/Game/RoomObjects/bg_room" FILE="D:/prog/0_myprogram/nekoroom/proj/Content/RoomObjects/bg_room.uasset" SILENT=true
[2016.10.26-15.27.47:828][725]LogSavePackage: Save=9.836574ms
[2016.10.26-15.27.47:828][725]LogSavePackage: Moving 'D:/prog/0_myprogram/nekoroom/proj/Saved/bg_room8BEEA6C04A915A73ADA80F8BCF00F8CB.tmp' to 'D:/prog/0_myprogram/nekoroom/proj/Content/RoomObjects/bg_room.uasset'
[2016.10.26-15.27.47:829][725]LogSavePackage: Total save time: 10.937475ms
[2016.10.26-15.27.47:829][725]LogSavePackage:Display: Finished SavePackage D:/prog/0_myprogram/nekoroom/proj/Content/RoomObjects/bg_room.uasset
[2016.10.26-15.27.59:573][959]LogFactory: FactoryCreateBinary: Texture with ReimportTextureFactory (0 0 D:\googledrive\GameProject\Design\BG\Texture\bg_room_wall_c01.tga)
[2016.10.26-15.27.59:678][959]LogTexture:Display: Building textures: bg_room_wall_c01 (AutoDXT)
[2016.10.26-15.28.00:260][959]LogFactory: FactoryCreateBinary: Texture with ReimportTextureFactory (0 0 D:\googledrive\GameProject\Design\BG\Texture\bg_room_floor_c01.tga)
[2016.10.26-15.28.00:323][959]LogTexture:Display: Building textures: bg_room_floor_c01 (AutoDXT)
[2016.10.26-15.28.04:153][141]LogMaterial: Missing cached shader map for material bg_room_floor_c01_Mat, compiling. 
[2016.10.26-15.28.04:161][141]LogMaterial: Missing cached shader map for material bg_room_wall_c01_Mat, compiling. 
[2016.10.26-15.28.07:806][545]Cmd: OBJ SAVEPACKAGE PACKAGE="/Game/RoomObjects/Materials/bg_room_floor_c01_Mat" FILE="D:/prog/0_myprogram/nekoroom/proj/Content/RoomObjects/Materials/bg_room_floor_c01_Mat.uasset" SILENT=true
[2016.10.26-15.28.07:819][545]LogSavePackage: Save=11.772923ms
[2016.10.26-15.28.07:819][545]LogSavePackage: Moving 'D:/prog/0_myprogram/nekoroom/proj/Saved/bg_room_floor_c01_Mat158841024BCF917D9FC4B482A73B1900.tmp' to 'D:/prog/0_myprogram/nekoroom/proj/Content/RoomObjects/Materials/bg_room_floor_c01_Mat.uasset'
[2016.10.26-15.28.07:820][545]LogSavePackage: Total save time: 13.054967ms
[2016.10.26-15.28.07:820][545]LogSavePackage:Display: Finished SavePackage D:/prog/0_myprogram/nekoroom/proj/Content/RoomObjects/Materials/bg_room_floor_c01_Mat.uasset
[2016.10.26-15.28.07:834][545]Cmd: OBJ SAVEPACKAGE PACKAGE="/Game/RoomObjects/Materials/bg_room_wall_c01_Mat" FILE="D:/prog/0_myprogram/nekoroom/proj/Content/RoomObjects/Materials/bg_room_wall_c01_Mat.uasset" SILENT=true
[2016.10.26-15.28.07:846][545]LogSavePackage: Save=10.935943ms
[2016.10.26-15.28.07:846][545]LogSavePackage: Moving 'D:/prog/0_myprogram/nekoroom/proj/Saved/bg_room_wall_c01_MatBD01AAF5446A5B3E9EB000A07FF0366D.tmp' to 'D:/prog/0_myprogram/nekoroom/proj/Content/RoomObjects/Materials/bg_room_wall_c01_Mat.uasset'
[2016.10.26-15.28.07:847][545]LogSavePackage: Total save time: 11.988048ms
[2016.10.26-15.28.07:847][545]LogSavePackage:Display: Finished SavePackage D:/prog/0_myprogram/nekoroom/proj/Content/RoomObjects/Materials/bg_room_wall_c01_Mat.uasset
[2016.10.26-15.28.33:895][613]Cmd: OBJ SAVEPACKAGE PACKAGE="/Game/RoomObjects/bg_room" FILE="D:/prog/0_myprogram/nekoroom/proj/Content/RoomObjects/bg_room.uasset" SILENT=true
[2016.10.26-15.28.33:909][613]LogSavePackage: Save=9.751496ms
[2016.10.26-15.28.33:909][613]LogSavePackage: Moving 'D:/prog/0_myprogram/nekoroom/proj/Saved/bg_room85D10A69440917566BCF86A963808F47.tmp' to 'D:/prog/0_myprogram/nekoroom/proj/Content/RoomObjects/bg_room.uasset'
[2016.10.26-15.28.33:910][613]LogSavePackage: Total save time: 14.165834ms
[2016.10.26-15.28.33:910][613]LogSavePackage:Display: Finished SavePackage D:/prog/0_myprogram/nekoroom/proj/Content/RoomObjects/bg_room.uasset
[2016.10.26-15.28.33:919][613]Cmd: OBJ SAVEPACKAGE PACKAGE="/Game/RoomObjects/Textures/bg_room_wall_c01" FILE="D:/prog/0_myprogram/nekoroom/proj/Content/RoomObjects/Textures/bg_room_wall_c01.uasset" SILENT=true
[2016.10.26-15.28.33:986][613]LogSavePackage: Save=66.009109ms
[2016.10.26-15.28.33:986][613]LogSavePackage: Moving 'D:/prog/0_myprogram/nekoroom/proj/Saved/bg_room_wall_c01780FF0BA45C3BF82E2EF23B22A855541.tmp' to 'D:/prog/0_myprogram/nekoroom/proj/Content/RoomObjects/Textures/bg_room_wall_c01.uasset'
[2016.10.26-15.28.33:987][613]LogSavePackage: Total save time: 67.134790ms
[2016.10.26-15.28.33:987][613]LogSavePackage:Display: Finished SavePackage D:/prog/0_myprogram/nekoroom/proj/Content/RoomObjects/Textures/bg_room_wall_c01.uasset
[2016.10.26-15.28.33:996][613]Cmd: OBJ SAVEPACKAGE PACKAGE="/Game/RoomObjects/Textures/bg_room_floor_c01" FILE="D:/prog/0_myprogram/nekoroom/proj/Content/RoomObjects/Textures/bg_room_floor_c01.uasset" SILENT=true
[2016.10.26-15.28.34:118][613]LogSavePackage: Save=121.061317ms
[2016.10.26-15.28.34:118][613]LogSavePackage: Moving 'D:/prog/0_myprogram/nekoroom/proj/Saved/bg_room_floor_c016694535E4DB3FC5B4FC322AF0AEE5AE7.tmp' to 'D:/prog/0_myprogram/nekoroom/proj/Content/RoomObjects/Textures/bg_room_floor_c01.uasset'
[2016.10.26-15.28.34:119][613]LogSavePackage: Total save time: 122.123130ms
[2016.10.26-15.28.34:119][613]LogSavePackage:Display: Finished SavePackage D:/prog/0_myprogram/nekoroom/proj/Content/RoomObjects/Textures/bg_room_floor_c01.uasset
[2016.10.26-15.28.34:122][613]Cmd: OBJ SAVEPACKAGE PACKAGE="/Game/RoomObjects/Textures/bg_room_floor_c01_Mat" FILE="D:/prog/0_myprogram/nekoroom/proj/Content/RoomObjects/Textures/bg_room_floor_c01_Mat.uasset" SILENT=true
[2016.10.26-15.28.34:125][613]LogSavePackage: Save=2.300421ms
[2016.10.26-15.28.34:125][613]LogSavePackage: Moving 'D:/prog/0_myprogram/nekoroom/proj/Saved/bg_room_floor_c01_MatDA0563A346C189375E02AAB0E54C06F5.tmp' to 'D:/prog/0_myprogram/nekoroom/proj/Content/RoomObjects/Textures/bg_room_floor_c01_Mat.uasset'
[2016.10.26-15.28.34:126][613]LogSavePackage: Total save time: 3.353801ms
[2016.10.26-15.28.34:126][613]LogSavePackage:Display: Finished SavePackage D:/prog/0_myprogram/nekoroom/proj/Content/RoomObjects/Textures/bg_room_floor_c01_Mat.uasset
[2016.10.26-15.28.34:130][613]Cmd: OBJ SAVEPACKAGE PACKAGE="/Game/RoomObjects/Textures/bg_room_wall_c01_Mat" FILE="D:/prog/0_myprogram/nekoroom/proj/Content/RoomObjects/Textures/bg_room_wall_c01_Mat.uasset" SILENT=true
[2016.10.26-15.28.34:133][613]LogSavePackage: Save=2.261076ms
[2016.10.26-15.28.34:133][613]LogSavePackage: Moving 'D:/prog/0_myprogram/nekoroom/proj/Saved/bg_room_wall_c01_MatADE074394D248C13D9E93FAD31BD6747.tmp' to 'D:/prog/0_myprogram/nekoroom/proj/Content/RoomObjects/Textures/bg_room_wall_c01_Mat.uasset'
[2016.10.26-15.28.34:134][613]LogSavePackage: Total save time: 3.434535ms
[2016.10.26-15.28.34:134][613]LogSavePackage:Display: Finished SavePackage D:/prog/0_myprogram/nekoroom/proj/Content/RoomObjects/Textures/bg_room_wall_c01_Mat.uasset
[2016.10.26-15.28.39:573][262]LogActorFactory: Actor Factory created bg_room
[2016.10.26-15.28.44:009][793]LogActorFactory: Actor Factory created bg_room
[2016.10.26-15.28.55:776][198]LogEditorViewport: Clicking on Actor (LMB): StaticMeshActor (Floor)
[2016.10.26-15.28.57:564][378]LogSavePackage: Save=181.513290ms
[2016.10.26-15.28.57:564][378]LogSavePackage: Moving 'D:/prog/0_myprogram/nekoroom/proj/Saved/ThirdPersonExampleMap0051A578439CD4B178D832A570539D8B.tmp' to 'D:/prog/0_myprogram/nekoroom/proj/Content/ThirdPersonBP/Maps/ThirdPersonExampleMap.umap'
[2016.10.26-15.28.57:566][378]LogSavePackage: Total save time: 184.325710ms
[2016.10.26-15.28.57:566][378]LogSavePackage:Display: Finished SavePackage D:/prog/0_myprogram/nekoroom/proj/Content/ThirdPersonBP/Maps/ThirdPersonExampleMap.umap
[2016.10.26-15.28.57:576][378]LogFileHelpers: Saving map 'ThirdPersonExampleMap' took 0.240
[2016.10.26-15.29.14:669][423]LogEditorViewport: Clicking on Actor (LMB): SkeletalMeshActor (obj_curtain)
[2016.10.26-15.29.28:357][ 57]LogEditorViewport: Clicking on Actor (LMB): ThirdPersonCharacter_C (ThirdPersonCharacter)
[2016.10.26-15.29.35:773][928]LogEditorViewport: Clicking on Actor (LMB): StaticMeshActor (obj_clean_robot)
[2016.10.26-15.29.38:747][275]LogEditorViewport: Clicking on Actor (LMB): StaticMeshActor (obj_cardboard)
[2016.10.26-15.30.03:826][245]LogSavePackage: Save=178.305374ms
[2016.10.26-15.30.03:826][245]LogSavePackage: Moving 'D:/prog/0_myprogram/nekoroom/proj/Saved/ThirdPersonExampleMap987A50A04585B72DD54FE4A58F6B1902.tmp' to 'D:/prog/0_myprogram/nekoroom/proj/Content/ThirdPersonBP/Maps/ThirdPersonExampleMap.umap'
[2016.10.26-15.30.03:828][245]LogSavePackage: Total save time: 188.399222ms
[2016.10.26-15.30.03:828][245]LogSavePackage:Display: Finished SavePackage D:/prog/0_myprogram/nekoroom/proj/Content/ThirdPersonBP/Maps/ThirdPersonExampleMap.umap
[2016.10.26-15.30.03:835][245]LogFileHelpers: Saving map 'ThirdPersonExampleMap' took 0.239
[2016.10.26-15.30.05:362][428]LogEditorViewport: Clicking on Actor (LMB): StaticMeshActor (bg_room)
[2016.10.26-15.30.09:839][959]LogEditorViewport: Clicking on Actor (LMB): StaticMeshActor (obj_clean_robot)
[2016.10.26-15.30.12:285][218]LogSavePackage: Save=177.927002ms
[2016.10.26-15.30.12:285][218]LogSavePackage: Moving 'D:/prog/0_myprogram/nekoroom/proj/Saved/ThirdPersonExampleMapF63A454C46E0ECB82952D0B37A1C49B0.tmp' to 'D:/prog/0_myprogram/nekoroom/proj/Content/ThirdPersonBP/Maps/ThirdPersonExampleMap.umap'
[2016.10.26-15.30.12:287][218]LogSavePackage: Total save time: 181.050856ms
[2016.10.26-15.30.12:287][218]LogSavePackage:Display: Finished SavePackage D:/prog/0_myprogram/nekoroom/proj/Content/ThirdPersonBP/Maps/ThirdPersonExampleMap.umap
[2016.10.26-15.30.12:294][218]LogFileHelpers: Saving map 'ThirdPersonExampleMap' took 0.231
[2016.10.26-15.32.00:482][398]LogEditorViewport: Clicking on Actor (context menu): BP_Sky_Sphere_C (SkySphereBlueprint)
[2016.10.26-15.32.00:997][454]LogEditorViewport: Clicking on Actor (context menu): BP_Sky_Sphere_C (SkySphereBlueprint)
[2016.10.26-15.32.08:904][394]LogEditorViewport: Clicking on Actor (context menu): StaticMeshActor (obj_cardboard)
[2016.10.26-15.32.09:451][452]LogEditorViewport: Clicking on Actor (context menu): StaticMeshActor (obj_cardboard)
[2016.10.26-15.32.10:194][533]LogEditorViewport: Clicking on Actor (LMB): StaticMeshActor (bg_room)
[2016.10.26-15.32.24:328][222]LogBlueprintUserMessages: Early PlayInEditor Detection: Level '/Game/ThirdPersonBP/Maps/ThirdPersonExampleMap.ThirdPersonExampleMap:PersistentLevel' has LevelScriptBlueprint '/Game/ThirdPersonBP/Maps/ThirdPersonExampleMap.ThirdPersonExampleMap:PersistentLevel.ThirdPersonExampleMap' with GeneratedClass '/Game/ThirdPersonBP/Maps/ThirdPersonExampleMap.ThirdPersonExampleMap_C' with ClassGeneratedBy '/Game/ThirdPersonBP/Maps/ThirdPersonExampleMap.ThirdPersonExampleMap:PersistentLevel.ThirdPersonExampleMap'
[2016.10.26-15.32.24:328][222]LogPlayLevel: PlayLevel: No blueprints needed recompiling
[2016.10.26-15.32.24:328][222]PIE: New page: PIE session: ThirdPersonExampleMap (Oct 27, 2016, 9:32:24 AM)
[2016.10.26-15.32.24:328][222]LogPlayLevel: Creating play world package: /Game/ThirdPersonBP/Maps/UEDPIE_0_ThirdPersonExampleMap
[2016.10.26-15.32.24:345][222]LogPlayLevel: PIE: StaticDuplicateObject took: (0.016539s)
[2016.10.26-15.32.24:346][222]LogAIModule: Creating AISystem for world ThirdPersonExampleMap
[2016.10.26-15.32.24:346][222]LogPlayLevel: PIE: World Init took: (0.000796s)
[2016.10.26-15.32.24:346][222]LogPlayLevel: PIE: Created PIE world by copying editor world from /Game/ThirdPersonBP/Maps/ThirdPersonExampleMap.ThirdPersonExampleMap to /Game/ThirdPersonBP/Maps/UEDPIE_0_ThirdPersonExampleMap.ThirdPersonExampleMap (0.017585s)
[2016.10.26-15.32.24:360][222]LogInit: XAudio2 using 'スピーカー (Realtek High Definition Audio)' : 2 channels at 48 kHz using 32 bits per sample (channel mask 0x3)
[2016.10.26-15.32.24:366][222]LogInit: FAudioDevice initialized.
[2016.10.26-15.32.24:397][222]LogWorld: Game class is 'ThirdPersonGameMode_C'
[2016.10.26-15.32.24:401][222]LogWorld: Bringing World /Game/ThirdPersonBP/Maps/UEDPIE_0_ThirdPersonExampleMap.ThirdPersonExampleMap up for play (max tick rate 0) at 2016.10.27-00.32.24
[2016.10.26-15.32.24:401][222]LogActor:Warning: GameSession /Game/ThirdPersonBP/Maps/UEDPIE_0_ThirdPersonExampleMap.ThirdPersonExampleMap:PersistentLevel.GameSession_1 has natively added scene component(s), but none of them were set as the actor's RootComponent - picking one arbitrarily
[2016.10.26-15.32.24:401][222]LogActor:Warning: GameNetworkManager /Game/ThirdPersonBP/Maps/UEDPIE_0_ThirdPersonExampleMap.ThirdPersonExampleMap:PersistentLevel.GameNetworkManager_1 has natively added scene component(s), but none of them were set as the actor's RootComponent - picking one arbitrarily
[2016.10.26-15.32.24:401][222]LogWorld: Bringing up level for play took: 0.002902
[2016.10.26-15.32.24:402][222]PIE: Info Play in editor start time for /Game/ThirdPersonBP/Maps/UEDPIE_0_ThirdPersonExampleMap -0.697
[2016.10.26-15.32.24:402][222]LogBlueprintUserMessages: Late PlayInEditor Detection: Level '/Game/ThirdPersonBP/Maps/ThirdPersonExampleMap.ThirdPersonExampleMap:PersistentLevel' has LevelScriptBlueprint '/Game/ThirdPersonBP/Maps/ThirdPersonExampleMap.ThirdPersonExampleMap:PersistentLevel.ThirdPersonExampleMap' with GeneratedClass '/Game/ThirdPersonBP/Maps/ThirdPersonExampleMap.ThirdPersonExampleMap_C' with ClassGeneratedBy '/Game/ThirdPersonBP/Maps/ThirdPersonExampleMap.ThirdPersonExampleMap:PersistentLevel.ThirdPersonExampleMap'
[2016.10.26-15.32.35:448][542]LogBlueprintUserMessages: Early EndPlayMap Detection: Level '/Game/ThirdPersonBP/Maps/ThirdPersonExampleMap.ThirdPersonExampleMap:PersistentLevel' has LevelScriptBlueprint '/Game/ThirdPersonBP/Maps/ThirdPersonExampleMap.ThirdPersonExampleMap:PersistentLevel.ThirdPersonExampleMap' with GeneratedClass '/Game/ThirdPersonBP/Maps/ThirdPersonExampleMap.ThirdPersonExampleMap_C' with ClassGeneratedBy '/Game/ThirdPersonBP/Maps/ThirdPersonExampleMap.ThirdPersonExampleMap:PersistentLevel.ThirdPersonExampleMap'
[2016.10.26-15.32.35:497][542]LogBlueprintUserMessages: Late EndPlayMap Detection: Level '/Game/ThirdPersonBP/Maps/ThirdPersonExampleMap.ThirdPersonExampleMap:PersistentLevel' has LevelScriptBlueprint '/Game/ThirdPersonBP/Maps/ThirdPersonExampleMap.ThirdPersonExampleMap:PersistentLevel.ThirdPersonExampleMap' with GeneratedClass '/Game/ThirdPersonBP/Maps/ThirdPersonExampleMap.ThirdPersonExampleMap_C' with ClassGeneratedBy '/Game/ThirdPersonBP/Maps/ThirdPersonExampleMap.ThirdPersonExampleMap:PersistentLevel.ThirdPersonExampleMap'
[2016.10.26-15.32.35:511][542]LogParticles: Destroying 0 GPU particle simulations for FXSystem 0x000002B290AE3420
[2016.10.26-15.32.36:494][657]LogEditorViewport: Clicking on Actor (LMB): StaticMeshActor (bg_room)
[2016.10.26-15.32.39:005][927]LogSavePackage: Save=179.892212ms
[2016.10.26-15.32.39:005][927]LogSavePackage: Moving 'D:/prog/0_myprogram/nekoroom/proj/Saved/ThirdPersonExampleMap0CDF6C8648B2298600E1A1B097D9A14B.tmp' to 'D:/prog/0_myprogram/nekoroom/proj/Content/ThirdPersonBP/Maps/ThirdPersonExampleMap.umap'
[2016.10.26-15.32.39:007][927]LogSavePackage: Total save time: 182.908770ms
[2016.10.26-15.32.39:007][927]LogSavePackage:Display: Finished SavePackage D:/prog/0_myprogram/nekoroom/proj/Content/ThirdPersonBP/Maps/ThirdPersonExampleMap.umap
[2016.10.26-15.32.39:013][927]LogFileHelpers: Saving map 'ThirdPersonExampleMap' took 0.233
[2016.10.26-15.32.39:979][ 42]LogBlueprintUserMessages: Early PlayInEditor Detection: Level '/Game/ThirdPersonBP/Maps/ThirdPersonExampleMap.ThirdPersonExampleMap:PersistentLevel' has LevelScriptBlueprint '/Game/ThirdPersonBP/Maps/ThirdPersonExampleMap.ThirdPersonExampleMap:PersistentLevel.ThirdPersonExampleMap' with GeneratedClass '/Game/ThirdPersonBP/Maps/ThirdPersonExampleMap.ThirdPersonExampleMap_C' with ClassGeneratedBy '/Game/ThirdPersonBP/Maps/ThirdPersonExampleMap.ThirdPersonExampleMap:PersistentLevel.ThirdPersonExampleMap'
[2016.10.26-15.32.39:979][ 42]LogPlayLevel: PlayLevel: No blueprints needed recompiling
[2016.10.26-15.32.39:979][ 42]PIE: New page: PIE session: ThirdPersonExampleMap (Oct 27, 2016, 9:32:39 AM)
[2016.10.26-15.32.39:979][ 42]LogPlayLevel: Creating play world package: /Game/ThirdPersonBP/Maps/UEDPIE_0_ThirdPersonExampleMap
[2016.10.26-15.32.39:995][ 42]LogPlayLevel: PIE: StaticDuplicateObject took: (0.015578s)
[2016.10.26-15.32.39:995][ 42]LogAIModule: Creating AISystem for world ThirdPersonExampleMap
[2016.10.26-15.32.39:996][ 42]LogPlayLevel: PIE: World Init took: (0.000720s)
[2016.10.26-15.32.39:996][ 42]LogPlayLevel: PIE: Created PIE world by copying editor world from /Game/ThirdPersonBP/Maps/ThirdPersonExampleMap.ThirdPersonExampleMap to /Game/ThirdPersonBP/Maps/UEDPIE_0_ThirdPersonExampleMap.ThirdPersonExampleMap (0.016471s)
[2016.10.26-15.32.40:011][ 42]LogInit: XAudio2 using 'スピーカー (Realtek High Definition Audio)' : 2 channels at 48 kHz using 32 bits per sample (channel mask 0x3)
[2016.10.26-15.32.40:017][ 42]LogInit: FAudioDevice initialized.
[2016.10.26-15.32.40:057][ 42]LogWorld: Game class is 'ThirdPersonGameMode_C'
[2016.10.26-15.32.40:064][ 42]LogWorld: Bringing World /Game/ThirdPersonBP/Maps/UEDPIE_0_ThirdPersonExampleMap.ThirdPersonExampleMap up for play (max tick rate 0) at 2016.10.27-00.32.40
[2016.10.26-15.32.40:064][ 42]LogActor:Warning: GameSession /Game/ThirdPersonBP/Maps/UEDPIE_0_ThirdPersonExampleMap.ThirdPersonExampleMap:PersistentLevel.GameSession_2 has natively added scene component(s), but none of them were set as the actor's RootComponent - picking one arbitrarily
[2016.10.26-15.32.40:065][ 42]LogActor:Warning: GameNetworkManager /Game/ThirdPersonBP/Maps/UEDPIE_0_ThirdPersonExampleMap.ThirdPersonExampleMap:PersistentLevel.GameNetworkManager_2 has natively added scene component(s), but none of them were set as the actor's RootComponent - picking one arbitrarily
[2016.10.26-15.32.40:066][ 42]LogWorld: Bringing up level for play took: 0.006007
[2016.10.26-15.32.40:066][ 42]PIE: Info Play in editor start time for /Game/ThirdPersonBP/Maps/UEDPIE_0_ThirdPersonExampleMap 0.968
[2016.10.26-15.32.40:067][ 42]LogBlueprintUserMessages: Late PlayInEditor Detection: Level '/Game/ThirdPersonBP/Maps/ThirdPersonExampleMap.ThirdPersonExampleMap:PersistentLevel' has LevelScriptBlueprint '/Game/ThirdPersonBP/Maps/ThirdPersonExampleMap.ThirdPersonExampleMap:PersistentLevel.ThirdPersonExampleMap' with GeneratedClass '/Game/ThirdPersonBP/Maps/ThirdPersonExampleMap.ThirdPersonExampleMap_C' with ClassGeneratedBy '/Game/ThirdPersonBP/Maps/ThirdPersonExampleMap.ThirdPersonExampleMap:PersistentLevel.ThirdPersonExampleMap'
[2016.10.26-15.32.46:747][839]LogBlueprintUserMessages: Early EndPlayMap Detection: Level '/Game/ThirdPersonBP/Maps/ThirdPersonExampleMap.ThirdPersonExampleMap:PersistentLevel' has LevelScriptBlueprint '/Game/ThirdPersonBP/Maps/ThirdPersonExampleMap.ThirdPersonExampleMap:PersistentLevel.ThirdPersonExampleMap' with GeneratedClass '/Game/ThirdPersonBP/Maps/ThirdPersonExampleMap.ThirdPersonExampleMap_C' with ClassGeneratedBy '/Game/ThirdPersonBP/Maps/ThirdPersonExampleMap.ThirdPersonExampleMap:PersistentLevel.ThirdPersonExampleMap'
[2016.10.26-15.32.46:803][839]LogBlueprintUserMessages: Late EndPlayMap Detection: Level '/Game/ThirdPersonBP/Maps/ThirdPersonExampleMap.ThirdPersonExampleMap:PersistentLevel' has LevelScriptBlueprint '/Game/ThirdPersonBP/Maps/ThirdPersonExampleMap.ThirdPersonExampleMap:PersistentLevel.ThirdPersonExampleMap' with GeneratedClass '/Game/ThirdPersonBP/Maps/ThirdPersonExampleMap.ThirdPersonExampleMap_C' with ClassGeneratedBy '/Game/ThirdPersonBP/Maps/ThirdPersonExampleMap.ThirdPersonExampleMap:PersistentLevel.ThirdPersonExampleMap'
[2016.10.26-15.32.46:814][839]LogParticles: Destroying 0 GPU particle simulations for FXSystem 0x000002B2596DCA40
[2016.10.26-15.32.55:123][828]LogEditorViewport: Clicking on Actor (LMB): StaticMeshActor (bg_room)
[2016.10.26-15.32.55:713][898]LogEditorViewport: Clicking on Actor (LMB): StaticMeshActor (bg_room)
[2016.10.26-15.32.58:710][256]LogEditorViewport: Clicking on Actor (LMB): StaticMeshActor (bg_room)
[2016.10.26-15.32.59:863][365]LogSavePackage: Save=175.752533ms
[2016.10.26-15.32.59:863][365]LogSavePackage: Moving 'D:/prog/0_myprogram/nekoroom/proj/Saved/ThirdPersonExampleMapA3EB5E484B89AA0B39F7288F46322A26.tmp' to 'D:/prog/0_myprogram/nekoroom/proj/Content/ThirdPersonBP/Maps/ThirdPersonExampleMap.umap'
[2016.10.26-15.32.59:865][365]LogSavePackage: Total save time: 178.436439ms
[2016.10.26-15.32.59:865][365]LogSavePackage:Display: Finished SavePackage D:/prog/0_myprogram/nekoroom/proj/Content/ThirdPersonBP/Maps/ThirdPersonExampleMap.umap
[2016.10.26-15.32.59:871][365]LogFileHelpers: Saving map 'ThirdPersonExampleMap' took 0.229
[2016.10.26-15.33.00:729][467]LogBlueprintUserMessages: Early PlayInEditor Detection: Level '/Game/ThirdPersonBP/Maps/ThirdPersonExampleMap.ThirdPersonExampleMap:PersistentLevel' has LevelScriptBlueprint '/Game/ThirdPersonBP/Maps/ThirdPersonExampleMap.ThirdPersonExampleMap:PersistentLevel.ThirdPersonExampleMap' with GeneratedClass '/Game/ThirdPersonBP/Maps/ThirdPersonExampleMap.ThirdPersonExampleMap_C' with ClassGeneratedBy '/Game/ThirdPersonBP/Maps/ThirdPersonExampleMap.ThirdPersonExampleMap:PersistentLevel.ThirdPersonExampleMap'
[2016.10.26-15.33.00:729][467]LogPlayLevel: PlayLevel: No blueprints needed recompiling
[2016.10.26-15.33.00:729][467]PIE: New page: PIE session: ThirdPersonExampleMap (Oct 27, 2016, 9:33:00 AM)
[2016.10.26-15.33.00:729][467]LogPlayLevel: Creating play world package: /Game/ThirdPersonBP/Maps/UEDPIE_0_ThirdPersonExampleMap
[2016.10.26-15.33.00:745][467]LogPlayLevel: PIE: StaticDuplicateObject took: (0.016267s)
[2016.10.26-15.33.00:746][467]LogAIModule: Creating AISystem for world ThirdPersonExampleMap
[2016.10.26-15.33.00:746][467]LogPlayLevel: PIE: World Init took: (0.000591s)
[2016.10.26-15.33.00:746][467]LogPlayLevel: PIE: Created PIE world by copying editor world from /Game/ThirdPersonBP/Maps/ThirdPersonExampleMap.ThirdPersonExampleMap to /Game/ThirdPersonBP/Maps/UEDPIE_0_ThirdPersonExampleMap.ThirdPersonExampleMap (0.017001s)
[2016.10.26-15.33.00:760][467]LogInit: XAudio2 using 'スピーカー (Realtek High Definition Audio)' : 2 channels at 48 kHz using 32 bits per sample (channel mask 0x3)
[2016.10.26-15.33.00:767][467]LogInit: FAudioDevice initialized.
[2016.10.26-15.33.00:796][467]LogWorld: Game cl